2014/07/17 16:38:41 [error] [exception.CHttpException.404] exception 'CHttpException' with message 'The system is unable to find the requested action "tbluser".' in /var/www/Yii/framework/web/CController.php:483
Stack trace:
#0 /var/www/Yii/framework/web/CController.php(270): CController->missingAction('tbluser')
#1 /var/www/Yii/framework/web/CWebApplication.php(282): CController->run('tbluser')
#2 /var/www/Yii/framework/web/CWebApplication.php(141): CWebApplication->runController('site/tbluser')
#3 /var/www/Yii/framework/base/CApplication.php(184): CWebApplication->processRequest()
#4 /var/www/myblog.host/index.php(13): CApplication->run()
#5 {main}
REQUEST_URI=/index.php/site/tbluser
---
2014/07/17 16:39:08 [error] [exception.CHttpException.404] exception 'CHttpException' with message 'The system is unable to find the requested action "tblUser".' in /var/www/Yii/framework/web/CController.php:483
Stack trace:
#0 /var/www/Yii/framework/web/CController.php(270): CController->missingAction('tblUser')
#1 /var/www/Yii/framework/web/CWebApplication.php(282): CController->run('tblUser')
#2 /var/www/Yii/framework/web/CWebApplication.php(141): CWebApplication->runController('site/tblUser')
#3 /var/www/Yii/framework/base/CApplication.php(184): CWebApplication->processRequest()
#4 /var/www/myblog.host/index.php(13): CApplication->run()
#5 {main}
REQUEST_URI=/index.php/site/tblUser
---
2014/07/17 16:39:11 [error] [exception.CHttpException.404] exception 'CHttpException' with message 'The system is unable to find the requested action "tblUser.php".' in /var/www/Yii/framework/web/CController.php:483
Stack trace:
#0 /var/www/Yii/framework/web/CController.php(270): CController->missingAction('tblUser.php')
#1 /var/www/Yii/framework/web/CWebApplication.php(282): CController->run('tblUser.php')
#2 /var/www/Yii/framework/web/CWebApplication.php(141): CWebApplication->runController('site/tblUser.ph...')
#3 /var/www/Yii/framework/base/CApplication.php(184): CWebApplication->processRequest()
#4 /var/www/myblog.host/index.php(13): CApplication->run()
#5 {main}
REQUEST_URI=/index.php/site/tblUser.php
---
2014/07/17 17:01:04 [error] [exception.CHttpException.404] exception 'CHttpException' with message 'Unable to resolve the request "tblnews/index".' in /var/www/Yii/framework/web/CWebApplication.php:286
Stack trace:
#0 /var/www/Yii/framework/web/CWebApplication.php(141): CWebApplication->runController('tblnews/index')
#1 /var/www/Yii/framework/base/CApplication.php(184): CWebApplication->processRequest()
#2 /var/www/myblog.host/index.php(13): CApplication->run()
#3 {main}
REQUEST_URI=/index.php/tblnews/index
HTTP_REFERER=http://myblog.host/index.php/site/index
---
2014/07/17 17:01:18 [error] [exception.CHttpException.404] exception 'CHttpException' with message 'Unable to resolve the request "tblnews/index".' in /var/www/Yii/framework/web/CWebApplication.php:286
Stack trace:
#0 /var/www/Yii/framework/web/CWebApplication.php(141): CWebApplication->runController('tblnews/index')
#1 /var/www/Yii/framework/base/CApplication.php(184): CWebApplication->processRequest()
#2 /var/www/myblog.host/index.php(13): CApplication->run()
#3 {main}
REQUEST_URI=/index.php/tblnews/index
HTTP_REFERER=http://myblog.host/index.php/site/contact
---
2014/07/17 17:01:23 [error] [exception.CHttpException.404] exception 'CHttpException' with message 'Unable to resolve the request "tblnews/index".' in /var/www/Yii/framework/web/CWebApplication.php:286
Stack trace:
#0 /var/www/Yii/framework/web/CWebApplication.php(141): CWebApplication->runController('tblnews/index')
#1 /var/www/Yii/framework/base/CApplication.php(184): CWebApplication->processRequest()
#2 /var/www/myblog.host/index.php(13): CApplication->run()
#3 {main}
REQUEST_URI=/index.php/tblnews/index
HTTP_REFERER=http://myblog.host/index.php/site/index
---
2014/07/17 17:09:12 [error] [exception.CHttpException.404] exception 'CHttpException' with message 'The system is unable to find the requested action "css".' in /var/www/Yii/framework/web/CController.php:483
Stack trace:
#0 /var/www/Yii/framework/web/CController.php(270): CController->missingAction('css')
#1 /var/www/Yii/framework/web/CWebApplication.php(282): CController->run('css')
#2 /var/www/Yii/framework/web/CWebApplication.php(141): CWebApplication->runController('site/css/main.c...')
#3 /var/www/Yii/framework/base/CApplication.php(184): CWebApplication->processRequest()
#4 /var/www/myblog.host/index.php(13): CApplication->run()
#5 {main}
REQUEST_URI=/index.php/site/css/main.css
HTTP_REFERER=http://myblog.host/index.php/site/index
---
2014/07/17 17:09:12 [error] [exception.CHttpException.404] exception 'CHttpException' with message 'The system is unable to find the requested action "css".' in /var/www/Yii/framework/web/CController.php:483
Stack trace:
#0 /var/www/Yii/framework/web/CController.php(270): CController->missingAction('css')
#1 /var/www/Yii/framework/web/CWebApplication.php(282): CController->run('css')
#2 /var/www/Yii/framework/web/CWebApplication.php(141): CWebApplication->runController('site/css/bootst...')
#3 /var/www/Yii/framework/base/CApplication.php(184): CWebApplication->processRequest()
#4 /var/www/myblog.host/index.php(13): CApplication->run()
#5 {main}
REQUEST_URI=/index.php/site/css/bootstrap.css
HTTP_REFERER=http://myblog.host/index.php/site/index
---
2014/07/17 17:09:12 [error] [exception.CHttpException.404] exception 'CHttpException' with message 'The system is unable to find the requested action "js".' in /var/www/Yii/framework/web/CController.php:483
Stack trace:
#0 /var/www/Yii/framework/web/CController.php(270): CController->missingAction('js')
#1 /var/www/Yii/framework/web/CWebApplication.php(282): CController->run('js')
#2 /var/www/Yii/framework/web/CWebApplication.php(141): CWebApplication->runController('site/js/jquery-...')
#3 /var/www/Yii/framework/base/CApplication.php(184): CWebApplication->processRequest()
#4 /var/www/myblog.host/index.php(13): CApplication->run()
#5 {main}
REQUEST_URI=/index.php/site/js/jquery-2.1.1.js
HTTP_REFERER=http://myblog.host/index.php/site/index
---
2014/07/17 17:09:12 [error] [exception.CHttpException.404] exception 'CHttpException' with message 'The system is unable to find the requested action "js".' in /var/www/Yii/framework/web/CController.php:483
Stack trace:
#0 /var/www/Yii/framework/web/CController.php(270): CController->missingAction('js')
#1 /var/www/Yii/framework/web/CWebApplication.php(282): CController->run('js')
#2 /var/www/Yii/framework/web/CWebApplication.php(141): CWebApplication->runController('site/js/bootstr...')
#3 /var/www/Yii/framework/base/CApplication.php(184): CWebApplication->processRequest()
#4 /var/www/myblog.host/index.php(13): CApplication->run()
#5 {main}
REQUEST_URI=/index.php/site/js/bootstrap.min.js
HTTP_REFERER=http://myblog.host/index.php/site/index
---
2014/07/17 17:09:12 [error] [exception.CHttpException.404] exception 'CHttpException' with message 'The system is unable to find the requested action "images".' in /var/www/Yii/framework/web/CController.php:483
Stack trace:
#0 /var/www/Yii/framework/web/CController.php(270): CController->missingAction('images')
#1 /var/www/Yii/framework/web/CWebApplication.php(282): CController->run('images')
#2 /var/www/Yii/framework/web/CWebApplication.php(141): CWebApplication->runController('site/images/foo...')
#3 /var/www/Yii/framework/base/CApplication.php(184): CWebApplication->processRequest()
#4 /var/www/myblog.host/index.php(13): CApplication->run()
#5 {main}
REQUEST_URI=/index.php/site/images/footer-logo.png
HTTP_REFERER=http://myblog.host/index.php/site/index
---
2014/07/17 17:09:12 [error] [exception.CHttpException.404] exception 'CHttpException' with message 'The system is unable to find the requested action "js".' in /var/www/Yii/framework/web/CController.php:483
Stack trace:
#0 /var/www/Yii/framework/web/CController.php(270): CController->missingAction('js')
#1 /var/www/Yii/framework/web/CWebApplication.php(282): CController->run('js')
#2 /var/www/Yii/framework/web/CWebApplication.php(141): CWebApplication->runController('site/js/work.js')
#3 /var/www/Yii/framework/base/CApplication.php(184): CWebApplication->processRequest()
#4 /var/www/myblog.host/index.php(13): CApplication->run()
#5 {main}
REQUEST_URI=/index.php/site/js/work.js
HTTP_REFERER=http://myblog.host/index.php/site/index
---
2014/07/17 17:09:12 [error] [exception.CHttpException.404] exception 'CHttpException' with message 'The system is unable to find the requested action "js".' in /var/www/Yii/framework/web/CController.php:483
Stack trace:
#0 /var/www/Yii/framework/web/CController.php(270): CController->missingAction('js')
#1 /var/www/Yii/framework/web/CWebApplication.php(282): CController->run('js')
#2 /var/www/Yii/framework/web/CWebApplication.php(141): CWebApplication->runController('site/js/work.js')
#3 /var/www/Yii/framework/base/CApplication.php(184): CWebApplication->processRequest()
#4 /var/www/myblog.host/index.php(13): CApplication->run()
#5 {main}
REQUEST_URI=/index.php/site/js/work.js
HTTP_REFERER=http://myblog.host/index.php/site/index
---
2014/07/17 17:09:12 [error] [exception.CHttpException.404] exception 'CHttpException' with message 'The system is unable to find the requested action "js".' in /var/www/Yii/framework/web/CController.php:483
Stack trace:
#0 /var/www/Yii/framework/web/CController.php(270): CController->missingAction('js')
#1 /var/www/Yii/framework/web/CWebApplication.php(282): CController->run('js')
#2 /var/www/Yii/framework/web/CWebApplication.php(141): CWebApplication->runController('site/js/bootstr...')
#3 /var/www/Yii/framework/base/CApplication.php(184): CWebApplication->processRequest()
#4 /var/www/myblog.host/index.php(13): CApplication->run()
#5 {main}
REQUEST_URI=/index.php/site/js/bootstrap.min.js
HTTP_REFERER=http://myblog.host/index.php/site/index
---
2014/07/17 17:09:30 [error] [exception.CHttpException.404] exception 'CHttpException' with message 'The system is unable to find the requested action "js".' in /var/www/Yii/framework/web/CController.php:483
Stack trace:
#0 /var/www/Yii/framework/web/CController.php(270): CController->missingAction('js')
#1 /var/www/Yii/framework/web/CWebApplication.php(282): CController->run('js')
#2 /var/www/Yii/framework/web/CWebApplication.php(141): CWebApplication->runController('site/js/jquery-...')
#3 /var/www/Yii/framework/base/CApplication.php(184): CWebApplication->processRequest()
#4 /var/www/myblog.host/index.php(13): CApplication->run()
#5 {main}
REQUEST_URI=/index.php/site/js/jquery-2.1.1.js
HTTP_REFERER=http://myblog.host/index.php/site/index
---
2014/07/17 17:09:30 [error] [exception.CHttpException.404] exception 'CHttpException' with message 'The system is unable to find the requested action "js".' in /var/www/Yii/framework/web/CController.php:483
Stack trace:
#0 /var/www/Yii/framework/web/CController.php(270): CController->missingAction('js')
#1 /var/www/Yii/framework/web/CWebApplication.php(282): CController->run('js')
#2 /var/www/Yii/framework/web/CWebApplication.php(141): CWebApplication->runController('site/js/work.js')
#3 /var/www/Yii/framework/base/CApplication.php(184): CWebApplication->processRequest()
#4 /var/www/myblog.host/index.php(13): CApplication->run()
#5 {main}
REQUEST_URI=/index.php/site/js/work.js
HTTP_REFERER=http://myblog.host/index.php/site/index
---
2014/07/17 17:09:30 [error] [exception.CHttpException.404] exception 'CHttpException' with message 'The system is unable to find the requested action "images".' in /var/www/Yii/framework/web/CController.php:483
Stack trace:
#0 /var/www/Yii/framework/web/CController.php(270): CController->missingAction('images')
#1 /var/www/Yii/framework/web/CWebApplication.php(282): CController->run('images')
#2 /var/www/Yii/framework/web/CWebApplication.php(141): CWebApplication->runController('site/images/foo...')
#3 /var/www/Yii/framework/base/CApplication.php(184): CWebApplication->processRequest()
#4 /var/www/myblog.host/index.php(13): CApplication->run()
#5 {main}
REQUEST_URI=/index.php/site/images/footer-logo.png
HTTP_REFERER=http://myblog.host/index.php/site/index
---
2014/07/17 17:09:30 [error] [exception.CHttpException.404] exception 'CHttpException' with message 'The system is unable to find the requested action "js".' in /var/www/Yii/framework/web/CController.php:483
Stack trace:
#0 /var/www/Yii/framework/web/CController.php(270): CController->missingAction('js')
#1 /var/www/Yii/framework/web/CWebApplication.php(282): CController->run('js')
#2 /var/www/Yii/framework/web/CWebApplication.php(141): CWebApplication->runController('site/js/bootstr...')
#3 /var/www/Yii/framework/base/CApplication.php(184): CWebApplication->processRequest()
#4 /var/www/myblog.host/index.php(13): CApplication->run()
#5 {main}
REQUEST_URI=/index.php/site/js/bootstrap.min.js
HTTP_REFERER=http://myblog.host/index.php/site/index
---
2014/07/17 17:09:30 [error] [exception.CHttpException.404] exception 'CHttpException' with message 'The system is unable to find the requested action "js".' in /var/www/Yii/framework/web/CController.php:483
Stack trace:
#0 /var/www/Yii/framework/web/CController.php(270): CController->missingAction('js')
#1 /var/www/Yii/framework/web/CWebApplication.php(282): CController->run('js')
#2 /var/www/Yii/framework/web/CWebApplication.php(141): CWebApplication->runController('site/js/work.js')
#3 /var/www/Yii/framework/base/CApplication.php(184): CWebApplication->processRequest()
#4 /var/www/myblog.host/index.php(13): CApplication->run()
#5 {main}
REQUEST_URI=/index.php/site/js/work.js
HTTP_REFERER=http://myblog.host/index.php/site/index
---
2014/07/17 17:09:31 [error] [exception.CHttpException.404] exception 'CHttpException' with message 'The system is unable to find the requested action "js".' in /var/www/Yii/framework/web/CController.php:483
Stack trace:
#0 /var/www/Yii/framework/web/CController.php(270): CController->missingAction('js')
#1 /var/www/Yii/framework/web/CWebApplication.php(282): CController->run('js')
#2 /var/www/Yii/framework/web/CWebApplication.php(141): CWebApplication->runController('site/js/bootstr...')
#3 /var/www/Yii/framework/base/CApplication.php(184): CWebApplication->processRequest()
#4 /var/www/myblog.host/index.php(13): CApplication->run()
#5 {main}
REQUEST_URI=/index.php/site/js/bootstrap.min.js
HTTP_REFERER=http://myblog.host/index.php/site/index
---
2014/07/17 17:10:18 [error] [exception.CHttpException.404] exception 'CHttpException' with message 'The system is unable to find the requested action "images".' in /var/www/Yii/framework/web/CController.php:483
Stack trace:
#0 /var/www/Yii/framework/web/CController.php(270): CController->missingAction('images')
#1 /var/www/Yii/framework/web/CWebApplication.php(282): CController->run('images')
#2 /var/www/Yii/framework/web/CWebApplication.php(141): CWebApplication->runController('site/images/foo...')
#3 /var/www/Yii/framework/base/CApplication.php(184): CWebApplication->processRequest()
#4 /var/www/myblog.host/index.php(13): CApplication->run()
#5 {main}
REQUEST_URI=/index.php/site/images/footer-logo.png
HTTP_REFERER=http://myblog.host/index.php/site/index
---
2014/07/17 17:46:47 [error] [exception.CHttpException.404] exception 'CHttpException' with message 'Unable to resolve the request "html/titles".' in /var/www/Yii/framework/web/CWebApplication.php:286
Stack trace:
#0 /var/www/Yii/framework/web/CWebApplication.php(141): CWebApplication->runController('html/titles')
#1 /var/www/Yii/framework/base/CApplication.php(184): CWebApplication->processRequest()
#2 /var/www/myblog.host/index.php(13): CApplication->run()
#3 {main}
REQUEST_URI=/index.php/html/titles
HTTP_REFERER=http://myblog.host/
---
2014/07/17 17:46:58 [error] [exception.CHttpException.404] exception 'CHttpException' with message 'Unable to resolve the request "html/titles".' in /var/www/Yii/framework/web/CWebApplication.php:286
Stack trace:
#0 /var/www/Yii/framework/web/CWebApplication.php(141): CWebApplication->runController('html/titles')
#1 /var/www/Yii/framework/base/CApplication.php(184): CWebApplication->processRequest()
#2 /var/www/myblog.host/index.php(13): CApplication->run()
#3 {main}
REQUEST_URI=/index.php/html/titles
HTTP_REFERER=http://myblog.host/
---
2014/07/17 17:47:01 [error] [exception.CHttpException.404] exception 'CHttpException' with message 'Unable to resolve the request "html/titles".' in /var/www/Yii/framework/web/CWebApplication.php:286
Stack trace:
#0 /var/www/Yii/framework/web/CWebApplication.php(141): CWebApplication->runController('html/titles')
#1 /var/www/Yii/framework/base/CApplication.php(184): CWebApplication->processRequest()
#2 /var/www/myblog.host/index.php(13): CApplication->run()
#3 {main}
REQUEST_URI=/index.php/html/titles
HTTP_REFERER=http://myblog.host/index.php/site/index
---
2014/07/17 17:47:05 [error] [exception.CHttpException.404] exception 'CHttpException' with message 'Unable to resolve the request "html/titles".' in /var/www/Yii/framework/web/CWebApplication.php:286
Stack trace:
#0 /var/www/Yii/framework/web/CWebApplication.php(141): CWebApplication->runController('html/titles')
#1 /var/www/Yii/framework/base/CApplication.php(184): CWebApplication->processRequest()
#2 /var/www/myblog.host/index.php(13): CApplication->run()
#3 {main}
REQUEST_URI=/index.php/html/titles
HTTP_REFERER=http://myblog.host/
---
2014/07/17 17:47:32 [error] [exception.CHttpException.404] exception 'CHttpException' with message 'Unable to resolve the request "html/titles".' in /var/www/Yii/framework/web/CWebApplication.php:286
Stack trace:
#0 /var/www/Yii/framework/web/CWebApplication.php(141): CWebApplication->runController('html/titles')
#1 /var/www/Yii/framework/base/CApplication.php(184): CWebApplication->processRequest()
#2 /var/www/myblog.host/index.php(13): CApplication->run()
#3 {main}
REQUEST_URI=/index.php/html/titles
HTTP_REFERER=http://myblog.host/
---
2014/07/17 17:51:32 [error] [exception.CHttpException.404] exception 'CHttpException' with message 'Unable to resolve the request "html/titles".' in /var/www/Yii/framework/web/CWebApplication.php:286
Stack trace:
#0 /var/www/Yii/framework/web/CWebApplication.php(141): CWebApplication->runController('html/titles')
#1 /var/www/Yii/framework/base/CApplication.php(184): CWebApplication->processRequest()
#2 /var/www/myblog.host/index.php(13): CApplication->run()
#3 {main}
REQUEST_URI=/index.php/html/titles
HTTP_REFERER=http://myblog.host/
---
2014/07/17 17:56:35 [error] [exception.CHttpException.404] exception 'CHttpException' with message 'Unable to resolve the request "html/titles".' in /var/www/Yii/framework/web/CWebApplication.php:286
Stack trace:
#0 /var/www/Yii/framework/web/CWebApplication.php(141): CWebApplication->runController('html/titles')
#1 /var/www/Yii/framework/base/CApplication.php(184): CWebApplication->processRequest()
#2 /var/www/myblog.host/index.php(13): CApplication->run()
#3 {main}
REQUEST_URI=/index.php/html/titles
HTTP_REFERER=http://myblog.host/
---
2014/07/17 17:57:28 [error] [exception.CHttpException.404] exception 'CHttpException' with message 'Unable to resolve the request "html/titles".' in /var/www/Yii/framework/web/CWebApplication.php:286
Stack trace:
#0 /var/www/Yii/framework/web/CWebApplication.php(141): CWebApplication->runController('html/titles')
#1 /var/www/Yii/framework/base/CApplication.php(184): CWebApplication->processRequest()
#2 /var/www/myblog.host/index.php(13): CApplication->run()
#3 {main}
REQUEST_URI=/index.php/html/titles
HTTP_REFERER=http://myblog.host/
---
2014/07/17 17:57:32 [error] [exception.CHttpException.404] exception 'CHttpException' with message 'Unable to resolve the request "html/titles".' in /var/www/Yii/framework/web/CWebApplication.php:286
Stack trace:
#0 /var/www/Yii/framework/web/CWebApplication.php(141): CWebApplication->runController('html/titles')
#1 /var/www/Yii/framework/base/CApplication.php(184): CWebApplication->processRequest()
#2 /var/www/myblog.host/index.php(13): CApplication->run()
#3 {main}
REQUEST_URI=/index.php/html/titles
HTTP_REFERER=http://myblog.host/
---
2014/07/17 18:02:03 [error] [exception.CHttpException.404] exception 'CHttpException' with message 'Unable to resolve the request "html/titles".' in /var/www/Yii/framework/web/CWebApplication.php:286
Stack trace:
#0 /var/www/Yii/framework/web/CWebApplication.php(141): CWebApplication->runController('html/titles')
#1 /var/www/Yii/framework/base/CApplication.php(184): CWebApplication->processRequest()
#2 /var/www/myblog.host/index.php(13): CApplication->run()
#3 {main}
REQUEST_URI=/index.php/html/titles
HTTP_REFERER=http://myblog.host/index.php/site/login
---
2014/07/17 18:02:05 [error] [exception.CHttpException.404] exception 'CHttpException' with message 'Unable to resolve the request "html/titles".' in /var/www/Yii/framework/web/CWebApplication.php:286
Stack trace:
#0 /var/www/Yii/framework/web/CWebApplication.php(141): CWebApplication->runController('html/titles')
#1 /var/www/Yii/framework/base/CApplication.php(184): CWebApplication->processRequest()
#2 /var/www/myblog.host/index.php(13): CApplication->run()
#3 {main}
REQUEST_URI=/index.php/html/titles
HTTP_REFERER=http://myblog.host/index.php/html/titles
---
2014/07/17 18:02:07 [error] [exception.CHttpException.404] exception 'CHttpException' with message 'Unable to resolve the request "html/titles".' in /var/www/Yii/framework/web/CWebApplication.php:286
Stack trace:
#0 /var/www/Yii/framework/web/CWebApplication.php(141): CWebApplication->runController('html/titles')
#1 /var/www/Yii/framework/base/CApplication.php(184): CWebApplication->processRequest()
#2 /var/www/myblog.host/index.php(13): CApplication->run()
#3 {main}
REQUEST_URI=/index.php/html/titles
HTTP_REFERER=http://myblog.host/index.php/site/page?view=about
---
2014/07/17 18:04:56 [error] [exception.CHttpException.404] exception 'CHttpException' with message 'Unable to resolve the request "html/titles".' in /var/www/Yii/framework/web/CWebApplication.php:286
Stack trace:
#0 /var/www/Yii/framework/web/CWebApplication.php(141): CWebApplication->runController('html/titles')
#1 /var/www/Yii/framework/base/CApplication.php(184): CWebApplication->processRequest()
#2 /var/www/myblog.host/index.php(13): CApplication->run()
#3 {main}
REQUEST_URI=/index.php/html/titles
HTTP_REFERER=http://myblog.host/index.php/site/page?view=about
---
2014/07/17 18:05:20 [error] [exception.CHttpException.404] exception 'CHttpException' with message 'Unable to resolve the request "html/titles".' in /var/www/Yii/framework/web/CWebApplication.php:286
Stack trace:
#0 /var/www/Yii/framework/web/CWebApplication.php(141): CWebApplication->runController('html/titles')
#1 /var/www/Yii/framework/base/CApplication.php(184): CWebApplication->processRequest()
#2 /var/www/myblog.host/index.php(13): CApplication->run()
#3 {main}
REQUEST_URI=/index.php/html/titles
HTTP_REFERER=http://myblog.host/index.php/tblNews/index
---
2014/07/17 18:05:22 [error] [exception.CHttpException.404] exception 'CHttpException' with message 'Unable to resolve the request "html/titles".' in /var/www/Yii/framework/web/CWebApplication.php:286
Stack trace:
#0 /var/www/Yii/framework/web/CWebApplication.php(141): CWebApplication->runController('html/titles')
#1 /var/www/Yii/framework/base/CApplication.php(184): CWebApplication->processRequest()
#2 /var/www/myblog.host/index.php(13): CApplication->run()
#3 {main}
REQUEST_URI=/index.php/html/titles
HTTP_REFERER=http://myblog.host/index.php/tblNews/index
---
2014/07/17 18:05:23 [error] [exception.CHttpException.404] exception 'CHttpException' with message 'Unable to resolve the request "html/titles".' in /var/www/Yii/framework/web/CWebApplication.php:286
Stack trace:
#0 /var/www/Yii/framework/web/CWebApplication.php(141): CWebApplication->runController('html/titles')
#1 /var/www/Yii/framework/base/CApplication.php(184): CWebApplication->processRequest()
#2 /var/www/myblog.host/index.php(13): CApplication->run()
#3 {main}
REQUEST_URI=/index.php/html/titles
HTTP_REFERER=http://myblog.host/index.php/site/page?view=about
---
2014/07/17 18:05:43 [error] [exception.CHttpException.404] exception 'CHttpException' with message 'Unable to resolve the request "html/titles".' in /var/www/Yii/framework/web/CWebApplication.php:286
Stack trace:
#0 /var/www/Yii/framework/web/CWebApplication.php(141): CWebApplication->runController('html/titles')
#1 /var/www/Yii/framework/base/CApplication.php(184): CWebApplication->processRequest()
#2 /var/www/myblog.host/index.php(13): CApplication->run()
#3 {main}
REQUEST_URI=/index.php/html/titles
HTTP_REFERER=http://myblog.host/index.php/site/page?view=about
---
2014/07/17 18:23:10 [error] [system.db.CDbCommand] CDbCommand::execute() failed: SQLSTATE[23000]: Integrity constraint violation: 1452 Cannot add or update a child row: a foreign key constraint fails (`myblog`.`tbl_news`, CONSTRAINT `tbl_news_ibfk_1` FOREIGN KEY (`author_id`) REFERENCES `tbl_user` (`id`) ON DELETE NO ACTION ON UPDATE CASCADE). The SQL statement executed was: INSERT INTO `tbl_news` (`is_active`, `title`, `text`, `author_id`, `create`, `category_id`) VALUES (:yp0, :yp1, :yp2, :yp3, :yp4, :yp5).
in /var/www/myblog.host/protected/controllers/TblNewsController.php (73)
in /var/www/myblog.host/index.php (13)
2014/07/17 18:23:10 [error] [exception.CDbException] exception 'CDbException' with message 'CDbCommand failed to execute the SQL statement: SQLSTATE[23000]: Integrity constraint violation: 1452 Cannot add or update a child row: a foreign key constraint fails (`myblog`.`tbl_news`, CONSTRAINT `tbl_news_ibfk_1` FOREIGN KEY (`author_id`) REFERENCES `tbl_user` (`id`) ON DELETE NO ACTION ON UPDATE CASCADE). The SQL statement executed was: INSERT INTO `tbl_news` (`is_active`, `title`, `text`, `author_id`, `create`, `category_id`) VALUES (:yp0, :yp1, :yp2, :yp3, :yp4, :yp5)' in /var/www/Yii/framework/db/CDbCommand.php:358
Stack trace:
#0 /var/www/Yii/framework/db/ar/CActiveRecord.php(1080): CDbCommand->execute()
#1 /var/www/Yii/framework/db/ar/CActiveRecord.php(809): CActiveRecord->insert(NULL)
#2 /var/www/myblog.host/protected/controllers/TblNewsController.php(73): CActiveRecord->save()
#3 /var/www/Yii/framework/web/actions/CInlineAction.php(49): TblNewsController->actionCreate()
#4 /var/www/Yii/framework/web/CController.php(308): CInlineAction->runWithParams(Array)
#5 /var/www/Yii/framework/web/filters/CFilterChain.php(133): CController->runAction(Object(CInlineAction))
#6 /var/www/Yii/framework/web/filters/CFilter.php(40): CFilterChain->run()
#7 /var/www/Yii/framework/web/CController.php(1145): CFilter->filter(Object(CFilterChain))
#8 /var/www/Yii/framework/web/filters/CInlineFilter.php(58): CController->filterAccessControl(Object(CFilterChain))
#9 /var/www/Yii/framework/web/filters/CFilterChain.php(130): CInlineFilter->filter(Object(CFilterChain))
#10 /var/www/Yii/framework/web/CController.php(291): CFilterChain->run()
#11 /var/www/Yii/framework/web/CController.php(265): CController->runActionWithFilters(Object(CInlineAction), Array)
#12 /var/www/Yii/framework/web/CWebApplication.php(282): CController->run('create')
#13 /var/www/Yii/framework/web/CWebApplication.php(141): CWebApplication->runController('tblNews/create')
#14 /var/www/Yii/framework/base/CApplication.php(184): CWebApplication->processRequest()
#15 /var/www/myblog.host/index.php(13): CApplication->run()
#16 {main}
REQUEST_URI=/index.php/tblNews/create
HTTP_REFERER=http://myblog.host/index.php/tblNews/create
---
2014/07/17 18:26:25 [warning] [application] Failed to set unsafe attribute "create" of "TblNews".
in /var/www/myblog.host/protected/controllers/TblNewsController.php (72)
in /var/www/myblog.host/index.php (13)
2014/07/17 18:26:25 [error] [system.db.CDbCommand] CDbCommand::execute() failed: SQLSTATE[23000]: Integrity constraint violation: 1452 Cannot add or update a child row: a foreign key constraint fails (`myblog`.`tbl_news`, CONSTRAINT `tbl_news_ibfk_1` FOREIGN KEY (`author_id`) REFERENCES `tbl_user` (`id`) ON DELETE NO ACTION ON UPDATE CASCADE). The SQL statement executed was: INSERT INTO `tbl_news` (`is_active`, `title`, `text`, `author_id`, `category_id`) VALUES (:yp0, :yp1, :yp2, :yp3, :yp4).
in /var/www/myblog.host/protected/controllers/TblNewsController.php (73)
in /var/www/myblog.host/index.php (13)
2014/07/17 18:26:25 [error] [exception.CDbException] exception 'CDbException' with message 'CDbCommand failed to execute the SQL statement: SQLSTATE[23000]: Integrity constraint violation: 1452 Cannot add or update a child row: a foreign key constraint fails (`myblog`.`tbl_news`, CONSTRAINT `tbl_news_ibfk_1` FOREIGN KEY (`author_id`) REFERENCES `tbl_user` (`id`) ON DELETE NO ACTION ON UPDATE CASCADE). The SQL statement executed was: INSERT INTO `tbl_news` (`is_active`, `title`, `text`, `author_id`, `category_id`) VALUES (:yp0, :yp1, :yp2, :yp3, :yp4)' in /var/www/Yii/framework/db/CDbCommand.php:358
Stack trace:
#0 /var/www/Yii/framework/db/ar/CActiveRecord.php(1080): CDbCommand->execute()
#1 /var/www/Yii/framework/db/ar/CActiveRecord.php(809): CActiveRecord->insert(NULL)
#2 /var/www/myblog.host/protected/controllers/TblNewsController.php(73): CActiveRecord->save()
#3 /var/www/Yii/framework/web/actions/CInlineAction.php(49): TblNewsController->actionCreate()
#4 /var/www/Yii/framework/web/CController.php(308): CInlineAction->runWithParams(Array)
#5 /var/www/Yii/framework/web/filters/CFilterChain.php(133): CController->runAction(Object(CInlineAction))
#6 /var/www/Yii/framework/web/filters/CFilter.php(40): CFilterChain->run()
#7 /var/www/Yii/framework/web/CController.php(1145): CFilter->filter(Object(CFilterChain))
#8 /var/www/Yii/framework/web/filters/CInlineFilter.php(58): CController->filterAccessControl(Object(CFilterChain))
#9 /var/www/Yii/framework/web/filters/CFilterChain.php(130): CInlineFilter->filter(Object(CFilterChain))
#10 /var/www/Yii/framework/web/CController.php(291): CFilterChain->run()
#11 /var/www/Yii/framework/web/CController.php(265): CController->runActionWithFilters(Object(CInlineAction), Array)
#12 /var/www/Yii/framework/web/CWebApplication.php(282): CController->run('create')
#13 /var/www/Yii/framework/web/CWebApplication.php(141): CWebApplication->runController('tblNews/create')
#14 /var/www/Yii/framework/base/CApplication.php(184): CWebApplication->processRequest()
#15 /var/www/myblog.host/index.php(13): CApplication->run()
#16 {main}
REQUEST_URI=/index.php/tblNews/create
HTTP_REFERER=http://myblog.host/index.php/tblNews/create
---
2014/07/18 15:28:02 [error] [exception.CException] exception 'CException' with message 'SiteController cannot find the requested view "about".' in /var/www/Yii/framework/web/CController.php:878
Stack trace:
#0 /var/www/Yii/framework/web/CController.php(782): CController->renderPartial('about', NULL, true)
#1 /var/www/myblog.host/protected/controllers/SiteController.php(32): CController->render('about')
#2 /var/www/Yii/framework/web/actions/CInlineAction.php(49): SiteController->actionIndex()
#3 /var/www/Yii/framework/web/CController.php(308): CInlineAction->runWithParams(Array)
#4 /var/www/Yii/framework/web/CController.php(286): CController->runAction(Object(CInlineAction))
#5 /var/www/Yii/framework/web/CController.php(265): CController->runActionWithFilters(Object(CInlineAction), Array)
#6 /var/www/Yii/framework/web/CWebApplication.php(282): CController->run('')
#7 /var/www/Yii/framework/web/CWebApplication.php(141): CWebApplication->runController('')
#8 /var/www/Yii/framework/base/CApplication.php(184): CWebApplication->processRequest()
#9 /var/www/myblog.host/index.php(13): CApplication->run()
#10 {main}
REQUEST_URI=/
---
2014/07/18 15:28:33 [error] [php] Undefined variable: model (/var/www/myblog.host/protected/views/site/contact.php:38)
Stack trace:
#0 /var/www/Yii/framework/web/CController.php(869): SiteController->renderFile()
#1 /var/www/Yii/framework/web/CController.php(782): SiteController->renderPartial()
#2 /var/www/myblog.host/protected/controllers/SiteController.php(32): SiteController->render()
#3 /var/www/Yii/framework/web/actions/CInlineAction.php(49): SiteController->actionIndex()
#4 /var/www/Yii/framework/web/CController.php(308): CInlineAction->runWithParams()
#5 /var/www/Yii/framework/web/CController.php(286): SiteController->runAction()
#6 /var/www/Yii/framework/web/CController.php(265): SiteController->runActionWithFilters()
#7 /var/www/Yii/framework/web/CWebApplication.php(282): SiteController->run()
#8 /var/www/Yii/framework/web/CWebApplication.php(141): CWebApplication->runController()
#9 /var/www/Yii/framework/base/CApplication.php(184): CWebApplication->processRequest()
#10 /var/www/myblog.host/index.php(13): CWebApplication->run()
REQUEST_URI=/
in /var/www/myblog.host/protected/views/site/contact.php (38)
in /var/www/myblog.host/protected/controllers/SiteController.php (32)
in /var/www/myblog.host/index.php (13)
2014/07/18 15:28:41 [error] [php] Undefined variable: model (/var/www/myblog.host/protected/views/site/contact.php:38)
Stack trace:
#0 /var/www/Yii/framework/web/CController.php(869): SiteController->renderFile()
#1 /var/www/Yii/framework/web/CController.php(782): SiteController->renderPartial()
#2 /var/www/myblog.host/protected/controllers/SiteController.php(32): SiteController->render()
#3 /var/www/Yii/framework/web/actions/CInlineAction.php(49): SiteController->actionIndex()
#4 /var/www/Yii/framework/web/CController.php(308): CInlineAction->runWithParams()
#5 /var/www/Yii/framework/web/CController.php(286): SiteController->runAction()
#6 /var/www/Yii/framework/web/CController.php(265): SiteController->runActionWithFilters()
#7 /var/www/Yii/framework/web/CWebApplication.php(282): SiteController->run()
#8 /var/www/Yii/framework/web/CWebApplication.php(141): CWebApplication->runController()
#9 /var/www/Yii/framework/base/CApplication.php(184): CWebApplication->processRequest()
#10 /var/www/myblog.host/index.php(13): CWebApplication->run()
REQUEST_URI=/index.php/site/index
in /var/www/myblog.host/protected/views/site/contact.php (38)
in /var/www/myblog.host/protected/controllers/SiteController.php (32)
in /var/www/myblog.host/index.php (13)
2014/07/18 15:29:03 [error] [php] Undefined variable: model (/var/www/myblog.host/protected/views/site/contact.php:38)
Stack trace:
#0 /var/www/Yii/framework/web/CController.php(869): SiteController->renderFile()
#1 /var/www/Yii/framework/web/CController.php(782): SiteController->renderPartial()
#2 /var/www/myblog.host/protected/controllers/SiteController.php(32): SiteController->render()
#3 /var/www/Yii/framework/web/actions/CInlineAction.php(49): SiteController->actionIndex()
#4 /var/www/Yii/framework/web/CController.php(308): CInlineAction->runWithParams()
#5 /var/www/Yii/framework/web/CController.php(286): SiteController->runAction()
#6 /var/www/Yii/framework/web/CController.php(265): SiteController->runActionWithFilters()
#7 /var/www/Yii/framework/web/CWebApplication.php(282): SiteController->run()
#8 /var/www/Yii/framework/web/CWebApplication.php(141): CWebApplication->runController()
#9 /var/www/Yii/framework/base/CApplication.php(184): CWebApplication->processRequest()
#10 /var/www/myblog.host/index.php(13): CWebApplication->run()
REQUEST_URI=/
in /var/www/myblog.host/protected/views/site/contact.php (38)
in /var/www/myblog.host/protected/controllers/SiteController.php (32)
in /var/www/myblog.host/index.php (13)
2014/07/18 15:41:01 [error] [php] Undefined variable: model (/var/www/myblog.host/protected/views/site/contact.php:38)
Stack trace:
#0 /var/www/Yii/framework/web/CController.php(869): SiteController->renderFile()
#1 /var/www/Yii/framework/web/CController.php(782): SiteController->renderPartial()
#2 /var/www/myblog.host/protected/controllers/SiteController.php(32): SiteController->render()
#3 /var/www/Yii/framework/web/actions/CInlineAction.php(49): SiteController->actionIndex()
#4 /var/www/Yii/framework/web/CController.php(308): CInlineAction->runWithParams()
#5 /var/www/Yii/framework/web/CController.php(286): SiteController->runAction()
#6 /var/www/Yii/framework/web/CController.php(265): SiteController->runActionWithFilters()
#7 /var/www/Yii/framework/web/CWebApplication.php(282): SiteController->run()
#8 /var/www/Yii/framework/web/CWebApplication.php(141): CWebApplication->runController()
#9 /var/www/Yii/framework/base/CApplication.php(184): CWebApplication->processRequest()
#10 /var/www/myblog.host/index.php(13): CWebApplication->run()
REQUEST_URI=/
in /var/www/myblog.host/protected/views/site/contact.php (38)
in /var/www/myblog.host/protected/controllers/SiteController.php (32)
in /var/www/myblog.host/index.php (13)
2014/07/18 16:04:10 [error] [exception.CHttpException.404] exception 'CHttpException' with message 'Unable to resolve the request "smy/one".' in /var/www/Yii/framework/web/CWebApplication.php:286
Stack trace:
#0 /var/www/Yii/framework/web/CWebApplication.php(141): CWebApplication->runController('smy/one')
#1 /var/www/Yii/framework/base/CApplication.php(184): CWebApplication->processRequest()
#2 /var/www/myblog.host/index.php(13): CApplication->run()
#3 {main}
REQUEST_URI=/index.php?r=smy/one
---
2014/07/18 17:50:28 [error] [exception.CException] exception 'CException' with message 'Property "UserIdentity._id" is not defined.' in /var/www/Yii/framework/base/CComponent.php:173
Stack trace:
#0 /var/www/myblog.host/protected/components/UserIdentity.php(38): CComponent->__set('_id', '1')
#1 /var/www/myblog.host/protected/models/LoginForm.php(52): UserIdentity->authenticate()
#2 /var/www/Yii/framework/validators/CInlineValidator.php(42): LoginForm->authenticate('password', Array)
#3 /var/www/Yii/framework/validators/CValidator.php(213): CInlineValidator->validateAttribute(Object(LoginForm), 'password')
#4 /var/www/Yii/framework/base/CModel.php(159): CValidator->validate(Object(LoginForm), NULL)
#5 /var/www/myblog.host/protected/controllers/SiteController.php(94): CModel->validate()
#6 /var/www/Yii/framework/web/actions/CInlineAction.php(49): SiteController->actionLogin()
#7 /var/www/Yii/framework/web/CController.php(308): CInlineAction->runWithParams(Array)
#8 /var/www/Yii/framework/web/CController.php(286): CController->runAction(Object(CInlineAction))
#9 /var/www/Yii/framework/web/CController.php(265): CController->runActionWithFilters(Object(CInlineAction), Array)
#10 /var/www/Yii/framework/web/CWebApplication.php(282): CController->run('login')
#11 /var/www/Yii/framework/web/CWebApplication.php(141): CWebApplication->runController('site/login')
#12 /var/www/Yii/framework/base/CApplication.php(184): CWebApplication->processRequest()
#13 /var/www/myblog.host/index.php(13): CApplication->run()
#14 {main}
REQUEST_URI=/index.php?r=site/login
HTTP_REFERER=http://myblog.host/index.php?r=site/login
---
2014/07/18 17:51:32 [error] [exception.CException] exception 'CException' with message 'Property "UserIdentity.id" is read only.' in /var/www/Yii/framework/base/CComponent.php:170
Stack trace:
#0 /var/www/myblog.host/protected/components/UserIdentity.php(38): CComponent->__set('id', '1')
#1 /var/www/myblog.host/protected/models/LoginForm.php(52): UserIdentity->authenticate()
#2 /var/www/Yii/framework/validators/CInlineValidator.php(42): LoginForm->authenticate('password', Array)
#3 /var/www/Yii/framework/validators/CValidator.php(213): CInlineValidator->validateAttribute(Object(LoginForm), 'password')
#4 /var/www/Yii/framework/base/CModel.php(159): CValidator->validate(Object(LoginForm), NULL)
#5 /var/www/myblog.host/protected/controllers/SiteController.php(94): CModel->validate()
#6 /var/www/Yii/framework/web/actions/CInlineAction.php(49): SiteController->actionLogin()
#7 /var/www/Yii/framework/web/CController.php(308): CInlineAction->runWithParams(Array)
#8 /var/www/Yii/framework/web/CController.php(286): CController->runAction(Object(CInlineAction))
#9 /var/www/Yii/framework/web/CController.php(265): CController->runActionWithFilters(Object(CInlineAction), Array)
#10 /var/www/Yii/framework/web/CWebApplication.php(282): CController->run('login')
#11 /var/www/Yii/framework/web/CWebApplication.php(141): CWebApplication->runController('site/login')
#12 /var/www/Yii/framework/base/CApplication.php(184): CWebApplication->processRequest()
#13 /var/www/myblog.host/index.php(13): CApplication->run()
#14 {main}
REQUEST_URI=/index.php?r=site/login
HTTP_REFERER=http://myblog.host/index.php?r=site/login
---
2014/07/18 17:52:10 [error] [exception.CException] exception 'CException' with message 'Property "UserIdentity._id" is not defined.' in /var/www/Yii/framework/base/CComponent.php:173
Stack trace:
#0 /var/www/myblog.host/protected/components/UserIdentity.php(38): CComponent->__set('_id', '1')
#1 /var/www/myblog.host/protected/models/LoginForm.php(52): UserIdentity->authenticate()
#2 /var/www/Yii/framework/validators/CInlineValidator.php(42): LoginForm->authenticate('password', Array)
#3 /var/www/Yii/framework/validators/CValidator.php(213): CInlineValidator->validateAttribute(Object(LoginForm), 'password')
#4 /var/www/Yii/framework/base/CModel.php(159): CValidator->validate(Object(LoginForm), NULL)
#5 /var/www/myblog.host/protected/controllers/SiteController.php(94): CModel->validate()
#6 /var/www/Yii/framework/web/actions/CInlineAction.php(49): SiteController->actionLogin()
#7 /var/www/Yii/framework/web/CController.php(308): CInlineAction->runWithParams(Array)
#8 /var/www/Yii/framework/web/CController.php(286): CController->runAction(Object(CInlineAction))
#9 /var/www/Yii/framework/web/CController.php(265): CController->runActionWithFilters(Object(CInlineAction), Array)
#10 /var/www/Yii/framework/web/CWebApplication.php(282): CController->run('login')
#11 /var/www/Yii/framework/web/CWebApplication.php(141): CWebApplication->runController('site/login')
#12 /var/www/Yii/framework/base/CApplication.php(184): CWebApplication->processRequest()
#13 /var/www/myblog.host/index.php(13): CApplication->run()
#14 {main}
REQUEST_URI=/index.php?r=site/login
HTTP_REFERER=http://myblog.host/index.php?r=site/login
---
2014/07/18 17:56:41 [error] [exception.CException] exception 'CException' with message 'Property "UserIdentity.id" is read only.' in /var/www/Yii/framework/base/CComponent.php:170
Stack trace:
#0 /var/www/myblog.host/protected/components/UserIdentity.php(38): CComponent->__set('id', '1')
#1 /var/www/myblog.host/protected/models/LoginForm.php(52): UserIdentity->authenticate()
#2 /var/www/Yii/framework/validators/CInlineValidator.php(42): LoginForm->authenticate('password', Array)
#3 /var/www/Yii/framework/validators/CValidator.php(213): CInlineValidator->validateAttribute(Object(LoginForm), 'password')
#4 /var/www/Yii/framework/base/CModel.php(159): CValidator->validate(Object(LoginForm), NULL)
#5 /var/www/myblog.host/protected/controllers/SiteController.php(94): CModel->validate()
#6 /var/www/Yii/framework/web/actions/CInlineAction.php(49): SiteController->actionLogin()
#7 /var/www/Yii/framework/web/CController.php(308): CInlineAction->runWithParams(Array)
#8 /var/www/Yii/framework/web/CController.php(286): CController->runAction(Object(CInlineAction))
#9 /var/www/Yii/framework/web/CController.php(265): CController->runActionWithFilters(Object(CInlineAction), Array)
#10 /var/www/Yii/framework/web/CWebApplication.php(282): CController->run('login')
#11 /var/www/Yii/framework/web/CWebApplication.php(141): CWebApplication->runController('site/login')
#12 /var/www/Yii/framework/base/CApplication.php(184): CWebApplication->processRequest()
#13 /var/www/myblog.host/index.php(13): CApplication->run()
#14 {main}
REQUEST_URI=/index.php?r=site/login
HTTP_REFERER=http://myblog.host/index.php?r=site/login
---
2014/07/18 18:10:57 [warning] [application] Failed to set unsafe attribute "author_id" of "TblNews".
in /var/www/myblog.host/protected/controllers/TblNewsController.php (72)
in /var/www/myblog.host/index.php (13)
2014/07/18 18:10:57 [warning] [application] Failed to set unsafe attribute "create" of "TblNews".
in /var/www/myblog.host/protected/controllers/TblNewsController.php (72)
in /var/www/myblog.host/index.php (13)
2014/07/18 18:10:58 [error] [system.db.CDbCommand] CDbCommand::execute() failed: SQLSTATE[23000]: Integrity constraint violation: 1452 Cannot add or update a child row: a foreign key constraint fails (`myblog`.`tbl_news`, CONSTRAINT `tbl_news_ibfk_1` FOREIGN KEY (`author_id`) REFERENCES `tbl_user` (`id`) ON DELETE NO ACTION ON UPDATE CASCADE). The SQL statement executed was: INSERT INTO `tbl_news` (`is_active`, `title`, `text`, `category_id`) VALUES (:yp0, :yp1, :yp2, :yp3).
in /var/www/myblog.host/protected/controllers/TblNewsController.php (73)
in /var/www/myblog.host/index.php (13)
2014/07/18 18:10:58 [error] [exception.CDbException] exception 'CDbException' with message 'CDbCommand failed to execute the SQL statement: SQLSTATE[23000]: Integrity constraint violation: 1452 Cannot add or update a child row: a foreign key constraint fails (`myblog`.`tbl_news`, CONSTRAINT `tbl_news_ibfk_1` FOREIGN KEY (`author_id`) REFERENCES `tbl_user` (`id`) ON DELETE NO ACTION ON UPDATE CASCADE). The SQL statement executed was: INSERT INTO `tbl_news` (`is_active`, `title`, `text`, `category_id`) VALUES (:yp0, :yp1, :yp2, :yp3)' in /var/www/Yii/framework/db/CDbCommand.php:358
Stack trace:
#0 /var/www/Yii/framework/db/ar/CActiveRecord.php(1080): CDbCommand->execute()
#1 /var/www/Yii/framework/db/ar/CActiveRecord.php(809): CActiveRecord->insert(NULL)
#2 /var/www/myblog.host/protected/controllers/TblNewsController.php(73): CActiveRecord->save()
#3 /var/www/Yii/framework/web/actions/CInlineAction.php(49): TblNewsController->actionCreate()
#4 /var/www/Yii/framework/web/CController.php(308): CInlineAction->runWithParams(Array)
#5 /var/www/Yii/framework/web/filters/CFilterChain.php(133): CController->runAction(Object(CInlineAction))
#6 /var/www/Yii/framework/web/filters/CFilter.php(40): CFilterChain->run()
#7 /var/www/Yii/framework/web/CController.php(1145): CFilter->filter(Object(CFilterChain))
#8 /var/www/Yii/framework/web/filters/CInlineFilter.php(58): CController->filterAccessControl(Object(CFilterChain))
#9 /var/www/Yii/framework/web/filters/CFilterChain.php(130): CInlineFilter->filter(Object(CFilterChain))
#10 /var/www/Yii/framework/web/CController.php(291): CFilterChain->run()
#11 /var/www/Yii/framework/web/CController.php(265): CController->runActionWithFilters(Object(CInlineAction), Array)
#12 /var/www/Yii/framework/web/CWebApplication.php(282): CController->run('create')
#13 /var/www/Yii/framework/web/CWebApplication.php(141): CWebApplication->runController('tblNews/create')
#14 /var/www/Yii/framework/base/CApplication.php(184): CWebApplication->processRequest()
#15 /var/www/myblog.host/index.php(13): CApplication->run()
#16 {main}
REQUEST_URI=/index.php?r=tblNews/create
HTTP_REFERER=http://myblog.host/index.php?r=tblNews/create
---
2014/07/18 18:38:45 [warning] [application] Failed to set unsafe attribute "create" of "TblNews".
in /var/www/myblog.host/protected/controllers/TblNewsController.php (72)
in /var/www/myblog.host/index.php (13)
2014/07/18 18:38:45 [error] [system.db.CDbCommand] CDbCommand::execute() failed: SQLSTATE[23000]: Integrity constraint violation: 1452 Cannot add or update a child row: a foreign key constraint fails (`myblog`.`tbl_news`, CONSTRAINT `tbl_news_ibfk_1` FOREIGN KEY (`author_id`) REFERENCES `tbl_user` (`id`) ON DELETE NO ACTION ON UPDATE CASCADE). The SQL statement executed was: INSERT INTO `tbl_news` (`is_active`, `title`, `text`, `author_id`, `category_id`) VALUES (:yp0, :yp1, :yp2, :yp3, :yp4).
in /var/www/myblog.host/protected/controllers/TblNewsController.php (73)
in /var/www/myblog.host/index.php (13)
2014/07/18 18:38:45 [error] [exception.CDbException] exception 'CDbException' with message 'CDbCommand failed to execute the SQL statement: SQLSTATE[23000]: Integrity constraint violation: 1452 Cannot add or update a child row: a foreign key constraint fails (`myblog`.`tbl_news`, CONSTRAINT `tbl_news_ibfk_1` FOREIGN KEY (`author_id`) REFERENCES `tbl_user` (`id`) ON DELETE NO ACTION ON UPDATE CASCADE). The SQL statement executed was: INSERT INTO `tbl_news` (`is_active`, `title`, `text`, `author_id`, `category_id`) VALUES (:yp0, :yp1, :yp2, :yp3, :yp4)' in /var/www/Yii/framework/db/CDbCommand.php:358
Stack trace:
#0 /var/www/Yii/framework/db/ar/CActiveRecord.php(1080): CDbCommand->execute()
#1 /var/www/Yii/framework/db/ar/CActiveRecord.php(809): CActiveRecord->insert(NULL)
#2 /var/www/myblog.host/protected/controllers/TblNewsController.php(73): CActiveRecord->save()
#3 /var/www/Yii/framework/web/actions/CInlineAction.php(49): TblNewsController->actionCreate()
#4 /var/www/Yii/framework/web/CController.php(308): CInlineAction->runWithParams(Array)
#5 /var/www/Yii/framework/web/filters/CFilterChain.php(133): CController->runAction(Object(CInlineAction))
#6 /var/www/Yii/framework/web/filters/CFilter.php(40): CFilterChain->run()
#7 /var/www/Yii/framework/web/CController.php(1145): CFilter->filter(Object(CFilterChain))
#8 /var/www/Yii/framework/web/filters/CInlineFilter.php(58): CController->filterAccessControl(Object(CFilterChain))
#9 /var/www/Yii/framework/web/filters/CFilterChain.php(130): CInlineFilter->filter(Object(CFilterChain))
#10 /var/www/Yii/framework/web/CController.php(291): CFilterChain->run()
#11 /var/www/Yii/framework/web/CController.php(265): CController->runActionWithFilters(Object(CInlineAction), Array)
#12 /var/www/Yii/framework/web/CWebApplication.php(282): CController->run('create')
#13 /var/www/Yii/framework/web/CWebApplication.php(141): CWebApplication->runController('tblNews/create')
#14 /var/www/Yii/framework/base/CApplication.php(184): CWebApplication->processRequest()
#15 /var/www/myblog.host/index.php(13): CApplication->run()
#16 {main}
REQUEST_URI=/index.php?r=tblNews/create
HTTP_REFERER=http://myblog.host/index.php?r=tblNews/create
---
2014/07/18 18:56:56 [warning] [application] Failed to set unsafe attribute "create" of "TblNews".
in /var/www/myblog.host/protected/controllers/TblNewsController.php (72)
in /var/www/myblog.host/index.php (13)
2014/07/18 18:58:36 [error] [exception.CHttpException.403] exception 'CHttpException' with message 'You are not authorized to perform this action.' in /var/www/Yii/framework/web/auth/CAccessControlFilter.php:182
Stack trace:
#0 /var/www/Yii/framework/web/auth/CAccessControlFilter.php(145): CAccessControlFilter->accessDenied(Object(CWebUser), 'You are not aut...')
#1 /var/www/Yii/framework/web/filters/CFilter.php(38): CAccessControlFilter->preFilter(Object(CFilterChain))
#2 /var/www/Yii/framework/web/CController.php(1145): CFilter->filter(Object(CFilterChain))
#3 /var/www/Yii/framework/web/filters/CInlineFilter.php(58): CController->filterAccessControl(Object(CFilterChain))
#4 /var/www/Yii/framework/web/filters/CFilterChain.php(130): CInlineFilter->filter(Object(CFilterChain))
#5 /var/www/Yii/framework/web/CController.php(291): CFilterChain->run()
#6 /var/www/Yii/framework/web/CController.php(265): CController->runActionWithFilters(Object(CInlineAction), Array)
#7 /var/www/Yii/framework/web/CWebApplication.php(282): CController->run('admin')
#8 /var/www/Yii/framework/web/CWebApplication.php(141): CWebApplication->runController('tblNews/admin')
#9 /var/www/Yii/framework/base/CApplication.php(184): CWebApplication->processRequest()
#10 /var/www/myblog.host/index.php(13): CApplication->run()
#11 {main}
REQUEST_URI=/index.php?r=tblNews/admin
HTTP_REFERER=http://myblog.host/index.php?r=tblNews/index
---
2014/07/18 18:58:46 [error] [exception.CHttpException.403] exception 'CHttpException' with message 'You are not authorized to perform this action.' in /var/www/Yii/framework/web/auth/CAccessControlFilter.php:182
Stack trace:
#0 /var/www/Yii/framework/web/auth/CAccessControlFilter.php(145): CAccessControlFilter->accessDenied(Object(CWebUser), 'You are not aut...')
#1 /var/www/Yii/framework/web/filters/CFilter.php(38): CAccessControlFilter->preFilter(Object(CFilterChain))
#2 /var/www/Yii/framework/web/CController.php(1145): CFilter->filter(Object(CFilterChain))
#3 /var/www/Yii/framework/web/filters/CInlineFilter.php(58): CController->filterAccessControl(Object(CFilterChain))
#4 /var/www/Yii/framework/web/filters/CFilterChain.php(130): CInlineFilter->filter(Object(CFilterChain))
#5 /var/www/Yii/framework/web/CController.php(291): CFilterChain->run()
#6 /var/www/Yii/framework/web/CController.php(265): CController->runActionWithFilters(Object(CInlineAction), Array)
#7 /var/www/Yii/framework/web/CWebApplication.php(282): CController->run('admin')
#8 /var/www/Yii/framework/web/CWebApplication.php(141): CWebApplication->runController('tblNews/admin')
#9 /var/www/Yii/framework/base/CApplication.php(184): CWebApplication->processRequest()
#10 /var/www/myblog.host/index.php(13): CApplication->run()
#11 {main}
REQUEST_URI=/index.php?r=tblNews/admin
HTTP_REFERER=http://myblog.host/index.php?r=tblNews/index
---
2014/07/18 18:59:56 [error] [exception.CHttpException.400] exception 'CHttpException' with message 'Your request is invalid.' in /var/www/Yii/framework/web/CController.php:336
Stack trace:
#0 /var/www/Yii/framework/web/CController.php(309): CController->invalidActionParams(Object(CInlineAction))
#1 /var/www/Yii/framework/web/filters/CFilterChain.php(133): CController->runAction(Object(CInlineAction))
#2 /var/www/Yii/framework/web/filters/CFilter.php(40): CFilterChain->run()
#3 /var/www/Yii/framework/web/CController.php(1145): CFilter->filter(Object(CFilterChain))
#4 /var/www/Yii/framework/web/filters/CInlineFilter.php(58): CController->filterAccessControl(Object(CFilterChain))
#5 /var/www/Yii/framework/web/filters/CFilterChain.php(130): CInlineFilter->filter(Object(CFilterChain))
#6 /var/www/Yii/framework/web/CController.php(291): CFilterChain->run()
#7 /var/www/Yii/framework/web/CController.php(265): CController->runActionWithFilters(Object(CInlineAction), Array)
#8 /var/www/Yii/framework/web/CWebApplication.php(282): CController->run('view')
#9 /var/www/Yii/framework/web/CWebApplication.php(141): CWebApplication->runController('tblNews/view')
#10 /var/www/Yii/framework/base/CApplication.php(184): CWebApplication->processRequest()
#11 /var/www/myblog.host/index.php(13): CApplication->run()
#12 {main}
REQUEST_URI=/index.php?r=tblNews/view
---
2014/07/18 19:00:29 [error] [exception.CHttpException.403] exception 'CHttpException' with message 'You are not authorized to perform this action.' in /var/www/Yii/framework/web/auth/CAccessControlFilter.php:182
Stack trace:
#0 /var/www/Yii/framework/web/auth/CAccessControlFilter.php(145): CAccessControlFilter->accessDenied(Object(CWebUser), 'You are not aut...')
#1 /var/www/Yii/framework/web/filters/CFilter.php(38): CAccessControlFilter->preFilter(Object(CFilterChain))
#2 /var/www/Yii/framework/web/CController.php(1145): CFilter->filter(Object(CFilterChain))
#3 /var/www/Yii/framework/web/filters/CInlineFilter.php(58): CController->filterAccessControl(Object(CFilterChain))
#4 /var/www/Yii/framework/web/filters/CFilterChain.php(130): CInlineFilter->filter(Object(CFilterChain))
#5 /var/www/Yii/framework/web/CController.php(291): CFilterChain->run()
#6 /var/www/Yii/framework/web/CController.php(265): CController->runActionWithFilters(Object(CInlineAction), Array)
#7 /var/www/Yii/framework/web/CWebApplication.php(282): CController->run('admin')
#8 /var/www/Yii/framework/web/CWebApplication.php(141): CWebApplication->runController('tblNews/admin')
#9 /var/www/Yii/framework/base/CApplication.php(184): CWebApplication->processRequest()
#10 /var/www/myblog.host/index.php(13): CApplication->run()
#11 {main}
REQUEST_URI=/index.php?r=tblNews/admin
---
2014/07/18 19:01:35 [error] [exception.CHttpException.400] exception 'CHttpException' with message 'Your request is invalid.' in /var/www/Yii/framework/web/CController.php:336
Stack trace:
#0 /var/www/Yii/framework/web/CController.php(309): CController->invalidActionParams(Object(CInlineAction))
#1 /var/www/Yii/framework/web/filters/CFilterChain.php(133): CController->runAction(Object(CInlineAction))
#2 /var/www/Yii/framework/web/filters/CFilter.php(40): CFilterChain->run()
#3 /var/www/Yii/framework/web/CController.php(1145): CFilter->filter(Object(CFilterChain))
#4 /var/www/Yii/framework/web/filters/CInlineFilter.php(58): CController->filterAccessControl(Object(CFilterChain))
#5 /var/www/Yii/framework/web/filters/CFilterChain.php(130): CInlineFilter->filter(Object(CFilterChain))
#6 /var/www/Yii/framework/web/CController.php(291): CFilterChain->run()
#7 /var/www/Yii/framework/web/CController.php(265): CController->runActionWithFilters(Object(CInlineAction), Array)
#8 /var/www/Yii/framework/web/CWebApplication.php(282): CController->run('view')
#9 /var/www/Yii/framework/web/CWebApplication.php(141): CWebApplication->runController('tblNews/view')
#10 /var/www/Yii/framework/base/CApplication.php(184): CWebApplication->processRequest()
#11 /var/www/myblog.host/index.php(13): CApplication->run()
#12 {main}
REQUEST_URI=/index.php?r=tblNews/view
HTTP_REFERER=http://myblog.host/index.php?r=tblNews/index
---
2014/07/18 19:02:11 [error] [exception.CHttpException.403] exception 'CHttpException' with message 'You are not authorized to perform this action.' in /var/www/Yii/framework/web/auth/CAccessControlFilter.php:182
Stack trace:
#0 /var/www/Yii/framework/web/auth/CAccessControlFilter.php(145): CAccessControlFilter->accessDenied(Object(CWebUser), 'You are not aut...')
#1 /var/www/Yii/framework/web/filters/CFilter.php(38): CAccessControlFilter->preFilter(Object(CFilterChain))
#2 /var/www/Yii/framework/web/CController.php(1145): CFilter->filter(Object(CFilterChain))
#3 /var/www/Yii/framework/web/filters/CInlineFilter.php(58): CController->filterAccessControl(Object(CFilterChain))
#4 /var/www/Yii/framework/web/filters/CFilterChain.php(130): CInlineFilter->filter(Object(CFilterChain))
#5 /var/www/Yii/framework/web/CController.php(291): CFilterChain->run()
#6 /var/www/Yii/framework/web/CController.php(265): CController->runActionWithFilters(Object(CInlineAction), Array)
#7 /var/www/Yii/framework/web/CWebApplication.php(282): CController->run('delete')
#8 /var/www/Yii/framework/web/CWebApplication.php(141): CWebApplication->runController('tblNews/delete')
#9 /var/www/Yii/framework/base/CApplication.php(184): CWebApplication->processRequest()
#10 /var/www/myblog.host/index.php(13): CApplication->run()
#11 {main}
REQUEST_URI=/index.php?r=tblNews/delete
HTTP_REFERER=http://myblog.host/index.php?r=tblNews/index
---
2014/07/18 19:11:27 [error] [exception.CHttpException.403] exception 'CHttpException' with message 'You are not authorized to perform this action.' in /var/www/Yii/framework/web/auth/CAccessControlFilter.php:182
Stack trace:
#0 /var/www/Yii/framework/web/auth/CAccessControlFilter.php(145): CAccessControlFilter->accessDenied(Object(CWebUser), 'You are not aut...')
#1 /var/www/Yii/framework/web/filters/CFilter.php(38): CAccessControlFilter->preFilter(Object(CFilterChain))
#2 /var/www/Yii/framework/web/CController.php(1145): CFilter->filter(Object(CFilterChain))
#3 /var/www/Yii/framework/web/filters/CInlineFilter.php(58): CController->filterAccessControl(Object(CFilterChain))
#4 /var/www/Yii/framework/web/filters/CFilterChain.php(130): CInlineFilter->filter(Object(CFilterChain))
#5 /var/www/Yii/framework/web/CController.php(291): CFilterChain->run()
#6 /var/www/Yii/framework/web/CController.php(265): CController->runActionWithFilters(Object(CInlineAction), Array)
#7 /var/www/Yii/framework/web/CWebApplication.php(282): CController->run('admin')
#8 /var/www/Yii/framework/web/CWebApplication.php(141): CWebApplication->runController('tblNews/admin')
#9 /var/www/Yii/framework/base/CApplication.php(184): CWebApplication->processRequest()
#10 /var/www/myblog.host/index.php(13): CApplication->run()
#11 {main}
REQUEST_URI=/index.php?r=tblNews/admin
HTTP_REFERER=http://myblog.host/index.php?r=tblNews/index
---
2014/07/18 19:18:49 [error] [exception.CHttpException.403] exception 'CHttpException' with message 'You are not authorized to perform this action.' in /var/www/Yii/framework/web/auth/CAccessControlFilter.php:182
Stack trace:
#0 /var/www/Yii/framework/web/auth/CAccessControlFilter.php(145): CAccessControlFilter->accessDenied(Object(CWebUser), 'You are not aut...')
#1 /var/www/Yii/framework/web/filters/CFilter.php(38): CAccessControlFilter->preFilter(Object(CFilterChain))
#2 /var/www/Yii/framework/web/CController.php(1145): CFilter->filter(Object(CFilterChain))
#3 /var/www/Yii/framework/web/filters/CInlineFilter.php(58): CController->filterAccessControl(Object(CFilterChain))
#4 /var/www/Yii/framework/web/filters/CFilterChain.php(130): CInlineFilter->filter(Object(CFilterChain))
#5 /var/www/Yii/framework/web/CController.php(291): CFilterChain->run()
#6 /var/www/Yii/framework/web/CController.php(265): CController->runActionWithFilters(Object(CInlineAction), Array)
#7 /var/www/Yii/framework/web/CWebApplication.php(282): CController->run('admin')
#8 /var/www/Yii/framework/web/CWebApplication.php(141): CWebApplication->runController('tblNews/admin')
#9 /var/www/Yii/framework/base/CApplication.php(184): CWebApplication->processRequest()
#10 /var/www/myblog.host/index.php(13): CApplication->run()
#11 {main}
REQUEST_URI=/index.php?r=tblNews/admin
HTTP_REFERER=http://myblog.host/index.php?r=tblNews/view&id=6
---
2014/07/18 19:24:31 [error] [exception.CHttpException.403] exception 'CHttpException' with message 'You are not authorized to perform this action.' in /var/www/Yii/framework/web/auth/CAccessControlFilter.php:182
Stack trace:
#0 /var/www/Yii/framework/web/auth/CAccessControlFilter.php(145): CAccessControlFilter->accessDenied(Object(CWebUser), 'You are not aut...')
#1 /var/www/Yii/framework/web/filters/CFilter.php(38): CAccessControlFilter->preFilter(Object(CFilterChain))
#2 /var/www/Yii/framework/web/CController.php(1145): CFilter->filter(Object(CFilterChain))
#3 /var/www/Yii/framework/web/filters/CInlineFilter.php(58): CController->filterAccessControl(Object(CFilterChain))
#4 /var/www/Yii/framework/web/filters/CFilterChain.php(130): CInlineFilter->filter(Object(CFilterChain))
#5 /var/www/Yii/framework/web/CController.php(291): CFilterChain->run()
#6 /var/www/Yii/framework/web/CController.php(265): CController->runActionWithFilters(Object(CInlineAction), Array)
#7 /var/www/Yii/framework/web/CWebApplication.php(282): CController->run('admin')
#8 /var/www/Yii/framework/web/CWebApplication.php(141): CWebApplication->runController('tblNews/admin')
#9 /var/www/Yii/framework/base/CApplication.php(184): CWebApplication->processRequest()
#10 /var/www/myblog.host/index.php(13): CApplication->run()
#11 {main}
REQUEST_URI=/index.php?r=tblNews/admin
HTTP_REFERER=http://myblog.host/index.php?r=tblNews/create
---
2014/07/18 19:31:11 [error] [exception.CHttpException.403] exception 'CHttpException' with message 'You are not authorized to perform this action.' in /var/www/Yii/framework/web/auth/CAccessControlFilter.php:182
Stack trace:
#0 /var/www/Yii/framework/web/auth/CAccessControlFilter.php(145): CAccessControlFilter->accessDenied(Object(CWebUser), 'You are not aut...')
#1 /var/www/Yii/framework/web/filters/CFilter.php(38): CAccessControlFilter->preFilter(Object(CFilterChain))
#2 /var/www/Yii/framework/web/CController.php(1145): CFilter->filter(Object(CFilterChain))
#3 /var/www/Yii/framework/web/filters/CInlineFilter.php(58): CController->filterAccessControl(Object(CFilterChain))
#4 /var/www/Yii/framework/web/filters/CFilterChain.php(130): CInlineFilter->filter(Object(CFilterChain))
#5 /var/www/Yii/framework/web/CController.php(291): CFilterChain->run()
#6 /var/www/Yii/framework/web/CController.php(265): CController->runActionWithFilters(Object(CInlineAction), Array)
#7 /var/www/Yii/framework/web/CWebApplication.php(282): CController->run('admin')
#8 /var/www/Yii/framework/web/CWebApplication.php(141): CWebApplication->runController('tblNews/admin')
#9 /var/www/Yii/framework/base/CApplication.php(184): CWebApplication->processRequest()
#10 /var/www/myblog.host/index.php(13): CApplication->run()
#11 {main}
REQUEST_URI=/index.php?r=tblNews/admin
HTTP_REFERER=http://myblog.host/index.php?r=tblNews/index
---
2014/07/21 17:06:41 [error] [exception.CHttpException.400] exception 'CHttpException' with message 'Your request is invalid.' in /var/www/Yii/framework/web/CController.php:336
Stack trace:
#0 /var/www/Yii/framework/web/CController.php(309): CController->invalidActionParams(Object(CInlineAction))
#1 /var/www/Yii/framework/web/filters/CFilterChain.php(133): CController->runAction(Object(CInlineAction))
#2 /var/www/Yii/framework/web/filters/CFilter.php(40): CFilterChain->run()
#3 /var/www/Yii/framework/web/CController.php(1145): CFilter->filter(Object(CFilterChain))
#4 /var/www/Yii/framework/web/filters/CInlineFilter.php(58): CController->filterAccessControl(Object(CFilterChain))
#5 /var/www/Yii/framework/web/filters/CFilterChain.php(130): CInlineFilter->filter(Object(CFilterChain))
#6 /var/www/Yii/framework/web/CController.php(291): CFilterChain->run()
#7 /var/www/Yii/framework/web/CController.php(265): CController->runActionWithFilters(Object(CInlineAction), Array)
#8 /var/www/Yii/framework/web/CWebApplication.php(282): CController->run('view')
#9 /var/www/Yii/framework/web/CWebApplication.php(141): CWebApplication->runController('tblNews/view')
#10 /var/www/Yii/framework/base/CApplication.php(184): CWebApplication->processRequest()
#11 /var/www/myblog.host/index.php(13): CApplication->run()
#12 {main}
REQUEST_URI=/index.php?r=tblNews/view
---
2014/07/21 17:07:50 [error] [exception.CHttpException.403] exception 'CHttpException' with message 'You are not authorized to perform this action.' in /var/www/Yii/framework/web/auth/CAccessControlFilter.php:182
Stack trace:
#0 /var/www/Yii/framework/web/auth/CAccessControlFilter.php(145): CAccessControlFilter->accessDenied(Object(CWebUser), 'You are not aut...')
#1 /var/www/Yii/framework/web/filters/CFilter.php(38): CAccessControlFilter->preFilter(Object(CFilterChain))
#2 /var/www/Yii/framework/web/CController.php(1145): CFilter->filter(Object(CFilterChain))
#3 /var/www/Yii/framework/web/filters/CInlineFilter.php(58): CController->filterAccessControl(Object(CFilterChain))
#4 /var/www/Yii/framework/web/filters/CFilterChain.php(130): CInlineFilter->filter(Object(CFilterChain))
#5 /var/www/Yii/framework/web/CController.php(291): CFilterChain->run()
#6 /var/www/Yii/framework/web/CController.php(265): CController->runActionWithFilters(Object(CInlineAction), Array)
#7 /var/www/Yii/framework/web/CWebApplication.php(282): CController->run('admin')
#8 /var/www/Yii/framework/web/CWebApplication.php(141): CWebApplication->runController('tblNews/admin')
#9 /var/www/Yii/framework/base/CApplication.php(184): CWebApplication->processRequest()
#10 /var/www/myblog.host/index.php(13): CApplication->run()
#11 {main}
REQUEST_URI=/index.php?r=tblNews/admin
HTTP_REFERER=http://myblog.host/index.php?r=tblNews/index
---
2014/07/21 17:30:51 [error] [exception.CException] exception 'CException' with message 'The attribute must be specified in the format of "Name:Type:Label", where "Type" and "Label" are optional.' in /var/www/Yii/framework/zii/widgets/CDetailView.php:185
Stack trace:
#0 /var/www/Yii/framework/web/CBaseController.php(181): CDetailView->run()
#1 /var/www/myblog.host/protected/views/tblNews/view.php(55): CBaseController->widget('zii.widgets.CDe...', Array)
#2 /var/www/Yii/framework/web/CBaseController.php(126): require('/var/www/myblog...')
#3 /var/www/Yii/framework/web/CBaseController.php(95): CBaseController->renderInternal('/var/www/myblog...', Array, true)
#4 /var/www/Yii/framework/web/CController.php(869): CBaseController->renderFile('/var/www/myblog...', Array, true)
#5 /var/www/Yii/framework/web/CController.php(782): CController->renderPartial('view', Array, true)
#6 /var/www/myblog.host/protected/controllers/TblNewsController.php(56): CController->render('view', Array)
#7 [internal function]: TblNewsController->actionView('5')
#8 /var/www/Yii/framework/web/actions/CAction.php(108): ReflectionMethod->invokeArgs(Object(TblNewsController), Array)
#9 /var/www/Yii/framework/web/actions/CInlineAction.php(47): CAction->runWithParamsInternal(Object(TblNewsController), Object(ReflectionMethod), Array)
#10 /var/www/Yii/framework/web/CController.php(308): CInlineAction->runWithParams(Array)
#11 /var/www/Yii/framework/web/filters/CFilterChain.php(133): CController->runAction(Object(CInlineAction))
#12 /var/www/Yii/framework/web/filters/CFilter.php(40): CFilterChain->run()
#13 /var/www/Yii/framework/web/CController.php(1145): CFilter->filter(Object(CFilterChain))
#14 /var/www/Yii/framework/web/filters/CInlineFilter.php(58): CController->filterAccessControl(Object(CFilterChain))
#15 /var/www/Yii/framework/web/filters/CFilterChain.php(130): CInlineFilter->filter(Object(CFilterChain))
#16 /var/www/Yii/framework/web/CController.php(291): CFilterChain->run()
#17 /var/www/Yii/framework/web/CController.php(265): CController->runActionWithFilters(Object(CInlineAction), Array)
#18 /var/www/Yii/framework/web/CWebApplication.php(282): CController->run('view')
#19 /var/www/Yii/framework/web/CWebApplication.php(141): CWebApplication->runController('tblNews/view')
#20 /var/www/Yii/framework/base/CApplication.php(184): CWebApplication->processRequest()
#21 /var/www/myblog.host/index.php(13): CApplication->run()
#22 {main}
REQUEST_URI=/index.php?r=tblNews/view&id=5
HTTP_REFERER=http://myblog.host/index.php?r=tblNews/index
---
2014/07/21 17:31:02 [error] [exception.CException] exception 'CException' with message 'The attribute must be specified in the format of "Name:Type:Label", where "Type" and "Label" are optional.' in /var/www/Yii/framework/zii/widgets/CDetailView.php:185
Stack trace:
#0 /var/www/Yii/framework/web/CBaseController.php(181): CDetailView->run()
#1 /var/www/myblog.host/protected/views/tblNews/view.php(55): CBaseController->widget('zii.widgets.CDe...', Array)
#2 /var/www/Yii/framework/web/CBaseController.php(126): require('/var/www/myblog...')
#3 /var/www/Yii/framework/web/CBaseController.php(95): CBaseController->renderInternal('/var/www/myblog...', Array, true)
#4 /var/www/Yii/framework/web/CController.php(869): CBaseController->renderFile('/var/www/myblog...', Array, true)
#5 /var/www/Yii/framework/web/CController.php(782): CController->renderPartial('view', Array, true)
#6 /var/www/myblog.host/protected/controllers/TblNewsController.php(56): CController->render('view', Array)
#7 [internal function]: TblNewsController->actionView('5')
#8 /var/www/Yii/framework/web/actions/CAction.php(108): ReflectionMethod->invokeArgs(Object(TblNewsController), Array)
#9 /var/www/Yii/framework/web/actions/CInlineAction.php(47): CAction->runWithParamsInternal(Object(TblNewsController), Object(ReflectionMethod), Array)
#10 /var/www/Yii/framework/web/CController.php(308): CInlineAction->runWithParams(Array)
#11 /var/www/Yii/framework/web/filters/CFilterChain.php(133): CController->runAction(Object(CInlineAction))
#12 /var/www/Yii/framework/web/filters/CFilter.php(40): CFilterChain->run()
#13 /var/www/Yii/framework/web/CController.php(1145): CFilter->filter(Object(CFilterChain))
#14 /var/www/Yii/framework/web/filters/CInlineFilter.php(58): CController->filterAccessControl(Object(CFilterChain))
#15 /var/www/Yii/framework/web/filters/CFilterChain.php(130): CInlineFilter->filter(Object(CFilterChain))
#16 /var/www/Yii/framework/web/CController.php(291): CFilterChain->run()
#17 /var/www/Yii/framework/web/CController.php(265): CController->runActionWithFilters(Object(CInlineAction), Array)
#18 /var/www/Yii/framework/web/CWebApplication.php(282): CController->run('view')
#19 /var/www/Yii/framework/web/CWebApplication.php(141): CWebApplication->runController('tblNews/view')
#20 /var/www/Yii/framework/base/CApplication.php(184): CWebApplication->processRequest()
#21 /var/www/myblog.host/index.php(13): CApplication->run()
#22 {main}
REQUEST_URI=/index.php?r=tblNews/view&id=5
HTTP_REFERER=http://myblog.host/index.php?r=tblNews/index
---
2014/07/22 12:16:30 [error] [php] Undefined variable: model (/var/www/myblog.host/protected/views/site/index.php:7)
Stack trace:
#0 /var/www/Yii/framework/web/CController.php(869): SiteController->renderFile()
#1 /var/www/Yii/framework/web/CController.php(782): SiteController->renderPartial()
#2 /var/www/myblog.host/protected/controllers/SiteController.php(32): SiteController->render()
#3 /var/www/Yii/framework/web/actions/CInlineAction.php(49): SiteController->actionIndex()
#4 /var/www/Yii/framework/web/CController.php(308): CInlineAction->runWithParams()
#5 /var/www/Yii/framework/web/CController.php(286): SiteController->runAction()
#6 /var/www/Yii/framework/web/CController.php(265): SiteController->runActionWithFilters()
#7 /var/www/Yii/framework/web/CWebApplication.php(282): SiteController->run()
#8 /var/www/Yii/framework/web/CWebApplication.php(141): CWebApplication->runController()
#9 /var/www/Yii/framework/base/CApplication.php(184): CWebApplication->processRequest()
#10 /var/www/myblog.host/index.php(13): CWebApplication->run()
REQUEST_URI=/
in /var/www/myblog.host/protected/views/site/index.php (7)
in /var/www/myblog.host/protected/controllers/SiteController.php (32)
in /var/www/myblog.host/index.php (13)
2014/07/22 12:17:28 [error] [php] Undefined variable: model (/var/www/myblog.host/protected/views/site/index.php:7)
Stack trace:
#0 /var/www/Yii/framework/web/CController.php(869): SiteController->renderFile()
#1 /var/www/Yii/framework/web/CController.php(782): SiteController->renderPartial()
#2 /var/www/myblog.host/protected/controllers/SiteController.php(33): SiteController->render()
#3 /var/www/Yii/framework/web/actions/CInlineAction.php(49): SiteController->actionIndex()
#4 /var/www/Yii/framework/web/CController.php(308): CInlineAction->runWithParams()
#5 /var/www/Yii/framework/web/CController.php(286): SiteController->runAction()
#6 /var/www/Yii/framework/web/CController.php(265): SiteController->runActionWithFilters()
#7 /var/www/Yii/framework/web/CWebApplication.php(282): SiteController->run()
#8 /var/www/Yii/framework/web/CWebApplication.php(141): CWebApplication->runController()
#9 /var/www/Yii/framework/base/CApplication.php(184): CWebApplication->processRequest()
#10 /var/www/myblog.host/index.php(13): CWebApplication->run()
REQUEST_URI=/
in /var/www/myblog.host/protected/views/site/index.php (7)
in /var/www/myblog.host/protected/controllers/SiteController.php (33)
in /var/www/myblog.host/index.php (13)
2014/07/22 12:17:47 [error] [php] Undefined variable: model (/var/www/myblog.host/protected/views/site/index.php:9)
Stack trace:
#0 /var/www/Yii/framework/web/CController.php(869): SiteController->renderFile()
#1 /var/www/Yii/framework/web/CController.php(782): SiteController->renderPartial()
#2 /var/www/myblog.host/protected/controllers/SiteController.php(33): SiteController->render()
#3 /var/www/Yii/framework/web/actions/CInlineAction.php(49): SiteController->actionIndex()
#4 /var/www/Yii/framework/web/CController.php(308): CInlineAction->runWithParams()
#5 /var/www/Yii/framework/web/CController.php(286): SiteController->runAction()
#6 /var/www/Yii/framework/web/CController.php(265): SiteController->runActionWithFilters()
#7 /var/www/Yii/framework/web/CWebApplication.php(282): SiteController->run()
#8 /var/www/Yii/framework/web/CWebApplication.php(141): CWebApplication->runController()
#9 /var/www/Yii/framework/base/CApplication.php(184): CWebApplication->processRequest()
#10 /var/www/myblog.host/index.php(13): CWebApplication->run()
REQUEST_URI=/
in /var/www/myblog.host/protected/views/site/index.php (9)
in /var/www/myblog.host/protected/controllers/SiteController.php (33)
in /var/www/myblog.host/index.php (13)
2014/07/22 12:18:56 [error] [exception.CHttpException.400] exception 'CHttpException' with message 'Your request is invalid.' in /var/www/Yii/framework/web/CController.php:336
Stack trace:
#0 /var/www/Yii/framework/web/CController.php(309): CController->invalidActionParams(Object(CInlineAction))
#1 /var/www/Yii/framework/web/filters/CFilterChain.php(133): CController->runAction(Object(CInlineAction))
#2 /var/www/Yii/framework/web/filters/CFilter.php(40): CFilterChain->run()
#3 /var/www/Yii/framework/web/CController.php(1145): CFilter->filter(Object(CFilterChain))
#4 /var/www/Yii/framework/web/filters/CInlineFilter.php(58): CController->filterAccessControl(Object(CFilterChain))
#5 /var/www/Yii/framework/web/filters/CFilterChain.php(130): CInlineFilter->filter(Object(CFilterChain))
#6 /var/www/Yii/framework/web/CController.php(291): CFilterChain->run()
#7 /var/www/Yii/framework/web/CController.php(265): CController->runActionWithFilters(Object(CInlineAction), Array)
#8 /var/www/Yii/framework/web/CWebApplication.php(282): CController->run('view')
#9 /var/www/Yii/framework/web/CWebApplication.php(141): CWebApplication->runController('tblNews/view')
#10 /var/www/Yii/framework/base/CApplication.php(184): CWebApplication->processRequest()
#11 /var/www/myblog.host/index.php(13): CApplication->run()
#12 {main}
REQUEST_URI=/index.php?r=tblNews/view
---
2014/07/22 12:19:59 [error] [php] Undefined variable: dataProvider (/var/www/myblog.host/protected/views/site/index.php:19)
Stack trace:
#0 /var/www/Yii/framework/web/CController.php(869): SiteController->renderFile()
#1 /var/www/Yii/framework/web/CController.php(782): SiteController->renderPartial()
#2 /var/www/myblog.host/protected/controllers/SiteController.php(32): SiteController->render()
#3 /var/www/Yii/framework/web/actions/CInlineAction.php(49): SiteController->actionIndex()
#4 /var/www/Yii/framework/web/CController.php(308): CInlineAction->runWithParams()
#5 /var/www/Yii/framework/web/CController.php(286): SiteController->runAction()
#6 /var/www/Yii/framework/web/CController.php(265): SiteController->runActionWithFilters()
#7 /var/www/Yii/framework/web/CWebApplication.php(282): SiteController->run()
#8 /var/www/Yii/framework/web/CWebApplication.php(141): CWebApplication->runController()
#9 /var/www/Yii/framework/base/CApplication.php(184): CWebApplication->processRequest()
#10 /var/www/myblog.host/index.php(13): CWebApplication->run()
REQUEST_URI=/
in /var/www/myblog.host/protected/views/site/index.php (19)
in /var/www/myblog.host/protected/controllers/SiteController.php (32)
in /var/www/myblog.host/index.php (13)
2014/07/22 12:20:44 [error] [php] require(): Filename cannot be empty (/var/www/Yii/framework/web/CBaseController.php:130)
Stack trace:
#0 /var/www/Yii/framework/zii/widgets/CListView.php(291): SiteController->renderFile()
#1 /var/www/Yii/framework/zii/widgets/CBaseListView.php(181): CListView->renderItems()
#2 unknown(0): CListView->renderSection()
#3 /var/www/Yii/framework/zii/widgets/CBaseListView.php(164): preg_replace_callback()
#4 /var/www/Yii/framework/zii/widgets/CBaseListView.php(149): CListView->renderContent()
#5 /var/www/Yii/framework/web/CBaseController.php(181): CListView->run()
#6 /var/www/myblog.host/protected/views/site/index.php(21): SiteController->widget()
#7 /var/www/Yii/framework/web/CBaseController.php(126): require()
#8 /var/www/Yii/framework/web/CBaseController.php(95): SiteController->renderInternal()
#9 /var/www/Yii/framework/web/CController.php(869): SiteController->renderFile()
#10 /var/www/Yii/framework/web/CController.php(782): SiteController->renderPartial()
#11 /var/www/myblog.host/protected/controllers/SiteController.php(35): SiteController->render()
#12 /var/www/Yii/framework/web/actions/CInlineAction.php(49): SiteController->actionIndex()
#13 /var/www/Yii/framework/web/CController.php(308): CInlineAction->runWithParams()
#14 /var/www/Yii/framework/web/CController.php(286): SiteController->runAction()
#15 /var/www/Yii/framework/web/CController.php(265): SiteController->runActionWithFilters()
#16 /var/www/Yii/framework/web/CWebApplication.php(282): SiteController->run()
#17 /var/www/Yii/framework/web/CWebApplication.php(141): CWebApplication->runController()
#18 /var/www/Yii/framework/base/CApplication.php(184): CWebApplication->processRequest()
#19 /var/www/myblog.host/index.php(13): CWebApplication->run()
REQUEST_URI=/
in /var/www/myblog.host/protected/views/site/index.php (21)
in /var/www/myblog.host/protected/controllers/SiteController.php (35)
in /var/www/myblog.host/index.php (13)
2014/07/22 12:20:54 [error] [php] Undefined variable: dataProvider (/var/www/myblog.host/protected/views/site/index.php:19)
Stack trace:
#0 /var/www/Yii/framework/web/CController.php(869): SiteController->renderFile()
#1 /var/www/Yii/framework/web/CController.php(782): SiteController->renderPartial()
#2 /var/www/myblog.host/protected/controllers/SiteController.php(32): SiteController->render()
#3 /var/www/Yii/framework/web/actions/CInlineAction.php(49): SiteController->actionIndex()
#4 /var/www/Yii/framework/web/CController.php(308): CInlineAction->runWithParams()
#5 /var/www/Yii/framework/web/CController.php(286): SiteController->runAction()
#6 /var/www/Yii/framework/web/CController.php(265): SiteController->runActionWithFilters()
#7 /var/www/Yii/framework/web/CWebApplication.php(282): SiteController->run()
#8 /var/www/Yii/framework/web/CWebApplication.php(141): CWebApplication->runController()
#9 /var/www/Yii/framework/base/CApplication.php(184): CWebApplication->processRequest()
#10 /var/www/myblog.host/index.php(13): CWebApplication->run()
REQUEST_URI=/
in /var/www/myblog.host/protected/views/site/index.php (19)
in /var/www/myblog.host/protected/controllers/SiteController.php (32)
in /var/www/myblog.host/index.php (13)
2014/07/22 12:21:18 [error] [php] require(): Filename cannot be empty (/var/www/Yii/framework/web/CBaseController.php:130)
Stack trace:
#0 /var/www/Yii/framework/zii/widgets/CListView.php(291): SiteController->renderFile()
#1 /var/www/Yii/framework/zii/widgets/CBaseListView.php(181): CListView->renderItems()
#2 unknown(0): CListView->renderSection()
#3 /var/www/Yii/framework/zii/widgets/CBaseListView.php(164): preg_replace_callback()
#4 /var/www/Yii/framework/zii/widgets/CBaseListView.php(149): CListView->renderContent()
#5 /var/www/Yii/framework/web/CBaseController.php(181): CListView->run()
#6 /var/www/myblog.host/protected/views/site/index.php(21): SiteController->widget()
#7 /var/www/Yii/framework/web/CBaseController.php(126): require()
#8 /var/www/Yii/framework/web/CBaseController.php(95): SiteController->renderInternal()
#9 /var/www/Yii/framework/web/CController.php(869): SiteController->renderFile()
#10 /var/www/Yii/framework/web/CController.php(782): SiteController->renderPartial()
#11 /var/www/myblog.host/protected/controllers/SiteController.php(35): SiteController->render()
#12 /var/www/Yii/framework/web/actions/CInlineAction.php(49): SiteController->actionIndex()
#13 /var/www/Yii/framework/web/CController.php(308): CInlineAction->runWithParams()
#14 /var/www/Yii/framework/web/CController.php(286): SiteController->runAction()
#15 /var/www/Yii/framework/web/CController.php(265): SiteController->runActionWithFilters()
#16 /var/www/Yii/framework/web/CWebApplication.php(282): SiteController->run()
#17 /var/www/Yii/framework/web/CWebApplication.php(141): CWebApplication->runController()
#18 /var/www/Yii/framework/base/CApplication.php(184): CWebApplication->processRequest()
#19 /var/www/myblog.host/index.php(13): CWebApplication->run()
REQUEST_URI=/
in /var/www/myblog.host/protected/views/site/index.php (21)
in /var/www/myblog.host/protected/controllers/SiteController.php (35)
in /var/www/myblog.host/index.php (13)
2014/07/22 13:15:09 [error] [php] require(): Filename cannot be empty (/var/www/Yii/framework/web/CBaseController.php:130)
Stack trace:
#0 /var/www/Yii/framework/zii/widgets/CListView.php(291): SiteController->renderFile()
#1 /var/www/Yii/framework/zii/widgets/CBaseListView.php(181): CListView->renderItems()
#2 unknown(0): CListView->renderSection()
#3 /var/www/Yii/framework/zii/widgets/CBaseListView.php(164): preg_replace_callback()
#4 /var/www/Yii/framework/zii/widgets/CBaseListView.php(149): CListView->renderContent()
#5 /var/www/Yii/framework/web/CBaseController.php(181): CListView->run()
#6 /var/www/myblog.host/protected/views/site/index.php(21): SiteController->widget()
#7 /var/www/Yii/framework/web/CBaseController.php(126): require()
#8 /var/www/Yii/framework/web/CBaseController.php(95): SiteController->renderInternal()
#9 /var/www/Yii/framework/web/CController.php(869): SiteController->renderFile()
#10 /var/www/Yii/framework/web/CController.php(782): SiteController->renderPartial()
#11 /var/www/myblog.host/protected/controllers/SiteController.php(35): SiteController->render()
#12 /var/www/Yii/framework/web/actions/CInlineAction.php(49): SiteController->actionIndex()
#13 /var/www/Yii/framework/web/CController.php(308): CInlineAction->runWithParams()
#14 /var/www/Yii/framework/web/CController.php(286): SiteController->runAction()
#15 /var/www/Yii/framework/web/CController.php(265): SiteController->runActionWithFilters()
#16 /var/www/Yii/framework/web/CWebApplication.php(282): SiteController->run()
#17 /var/www/Yii/framework/web/CWebApplication.php(141): CWebApplication->runController()
#18 /var/www/Yii/framework/base/CApplication.php(184): CWebApplication->processRequest()
#19 /var/www/myblog.host/index.php(13): CWebApplication->run()
REQUEST_URI=/
in /var/www/myblog.host/protected/views/site/index.php (21)
in /var/www/myblog.host/protected/controllers/SiteController.php (35)
in /var/www/myblog.host/index.php (13)
2014/07/22 13:15:14 [error] [php] Undefined variable: dataProvider (/var/www/myblog.host/protected/views/site/index.php:19)
Stack trace:
#0 /var/www/Yii/framework/web/CController.php(869): SiteController->renderFile()
#1 /var/www/Yii/framework/web/CController.php(782): SiteController->renderPartial()
#2 /var/www/myblog.host/protected/controllers/SiteController.php(32): SiteController->render()
#3 /var/www/Yii/framework/web/actions/CInlineAction.php(49): SiteController->actionIndex()
#4 /var/www/Yii/framework/web/CController.php(308): CInlineAction->runWithParams()
#5 /var/www/Yii/framework/web/CController.php(286): SiteController->runAction()
#6 /var/www/Yii/framework/web/CController.php(265): SiteController->runActionWithFilters()
#7 /var/www/Yii/framework/web/CWebApplication.php(282): SiteController->run()
#8 /var/www/Yii/framework/web/CWebApplication.php(141): CWebApplication->runController()
#9 /var/www/Yii/framework/base/CApplication.php(184): CWebApplication->processRequest()
#10 /var/www/myblog.host/index.php(13): CWebApplication->run()
REQUEST_URI=/
in /var/www/myblog.host/protected/views/site/index.php (19)
in /var/www/myblog.host/protected/controllers/SiteController.php (32)
in /var/www/myblog.host/index.php (13)
2014/07/22 15:52:27 [error] [php] Undefined variable: dataProvider (/var/www/myblog.host/protected/views/site/index.php:19)
Stack trace:
#0 /var/www/Yii/framework/web/CController.php(869): SiteController->renderFile()
#1 /var/www/Yii/framework/web/CController.php(782): SiteController->renderPartial()
#2 /var/www/myblog.host/protected/controllers/SiteController.php(32): SiteController->render()
#3 /var/www/Yii/framework/web/actions/CInlineAction.php(49): SiteController->actionIndex()
#4 /var/www/Yii/framework/web/CController.php(308): CInlineAction->runWithParams()
#5 /var/www/Yii/framework/web/CController.php(286): SiteController->runAction()
#6 /var/www/Yii/framework/web/CController.php(265): SiteController->runActionWithFilters()
#7 /var/www/Yii/framework/web/CWebApplication.php(282): SiteController->run()
#8 /var/www/Yii/framework/web/CWebApplication.php(141): CWebApplication->runController()
#9 /var/www/Yii/framework/base/CApplication.php(184): CWebApplication->processRequest()
#10 /var/www/myblog.host/index.php(13): CWebApplication->run()
REQUEST_URI=/
in /var/www/myblog.host/protected/views/site/index.php (19)
in /var/www/myblog.host/protected/controllers/SiteController.php (32)
in /var/www/myblog.host/index.php (13)
2014/07/22 15:54:05 [error] [php] Undefined variable: dataProvider (/var/www/myblog.host/protected/views/site/index.php:19)
Stack trace:
#0 /var/www/Yii/framework/web/CController.php(869): SiteController->renderFile()
#1 /var/www/Yii/framework/web/CController.php(782): SiteController->renderPartial()
#2 /var/www/myblog.host/protected/controllers/SiteController.php(32): SiteController->render()
#3 /var/www/Yii/framework/web/actions/CInlineAction.php(49): SiteController->actionIndex()
#4 /var/www/Yii/framework/web/CController.php(308): CInlineAction->runWithParams()
#5 /var/www/Yii/framework/web/CController.php(286): SiteController->runAction()
#6 /var/www/Yii/framework/web/CController.php(265): SiteController->runActionWithFilters()
#7 /var/www/Yii/framework/web/CWebApplication.php(282): SiteController->run()
#8 /var/www/Yii/framework/web/CWebApplication.php(141): CWebApplication->runController()
#9 /var/www/Yii/framework/base/CApplication.php(184): CWebApplication->processRequest()
#10 /var/www/myblog.host/index.php(13): CWebApplication->run()
REQUEST_URI=/index.php?r=site/index
in /var/www/myblog.host/protected/views/site/index.php (19)
in /var/www/myblog.host/protected/controllers/SiteController.php (32)
in /var/www/myblog.host/index.php (13)
2014/07/22 15:54:09 [error] [php] Undefined variable: dataProvider (/var/www/myblog.host/protected/views/site/index.php:19)
Stack trace:
#0 /var/www/Yii/framework/web/CController.php(869): SiteController->renderFile()
#1 /var/www/Yii/framework/web/CController.php(782): SiteController->renderPartial()
#2 /var/www/myblog.host/protected/controllers/SiteController.php(32): SiteController->render()
#3 /var/www/Yii/framework/web/actions/CInlineAction.php(49): SiteController->actionIndex()
#4 /var/www/Yii/framework/web/CController.php(308): CInlineAction->runWithParams()
#5 /var/www/Yii/framework/web/CController.php(286): SiteController->runAction()
#6 /var/www/Yii/framework/web/CController.php(265): SiteController->runActionWithFilters()
#7 /var/www/Yii/framework/web/CWebApplication.php(282): SiteController->run()
#8 /var/www/Yii/framework/web/CWebApplication.php(141): CWebApplication->runController()
#9 /var/www/Yii/framework/base/CApplication.php(184): CWebApplication->processRequest()
#10 /var/www/myblog.host/index.php(13): CWebApplication->run()
REQUEST_URI=/index.php?r=site/index
in /var/www/myblog.host/protected/views/site/index.php (19)
in /var/www/myblog.host/protected/controllers/SiteController.php (32)
in /var/www/myblog.host/index.php (13)
2014/07/22 15:54:21 [error] [php] Undefined variable: dataProvider (/var/www/myblog.host/protected/views/site/index.php:19)
Stack trace:
#0 /var/www/Yii/framework/web/CController.php(869): SiteController->renderFile()
#1 /var/www/Yii/framework/web/CController.php(782): SiteController->renderPartial()
#2 /var/www/myblog.host/protected/controllers/SiteController.php(32): SiteController->render()
#3 /var/www/Yii/framework/web/actions/CInlineAction.php(49): SiteController->actionIndex()
#4 /var/www/Yii/framework/web/CController.php(308): CInlineAction->runWithParams()
#5 /var/www/Yii/framework/web/CController.php(286): SiteController->runAction()
#6 /var/www/Yii/framework/web/CController.php(265): SiteController->runActionWithFilters()
#7 /var/www/Yii/framework/web/CWebApplication.php(282): SiteController->run()
#8 /var/www/Yii/framework/web/CWebApplication.php(141): CWebApplication->runController()
#9 /var/www/Yii/framework/base/CApplication.php(184): CWebApplication->processRequest()
#10 /var/www/myblog.host/index.php(13): CWebApplication->run()
REQUEST_URI=/index.php
in /var/www/myblog.host/protected/views/site/index.php (19)
in /var/www/myblog.host/protected/controllers/SiteController.php (32)
in /var/www/myblog.host/index.php (13)
2014/07/22 16:32:07 [error] [php] Undefined variable: dataProvider (/var/www/myblog.host/protected/views/site/index.php:19)
Stack trace:
#0 /var/www/Yii/framework/web/CController.php(869): SiteController->renderFile()
#1 /var/www/Yii/framework/web/CController.php(782): SiteController->renderPartial()
#2 /var/www/myblog.host/protected/controllers/SiteController.php(32): SiteController->render()
#3 /var/www/Yii/framework/web/actions/CInlineAction.php(49): SiteController->actionIndex()
#4 /var/www/Yii/framework/web/CController.php(308): CInlineAction->runWithParams()
#5 /var/www/Yii/framework/web/CController.php(286): SiteController->runAction()
#6 /var/www/Yii/framework/web/CController.php(265): SiteController->runActionWithFilters()
#7 /var/www/Yii/framework/web/CWebApplication.php(282): SiteController->run()
#8 /var/www/Yii/framework/web/CWebApplication.php(141): CWebApplication->runController()
#9 /var/www/Yii/framework/base/CApplication.php(184): CWebApplication->processRequest()
#10 /var/www/myblog.host/index.php(13): CWebApplication->run()
REQUEST_URI=/
in /var/www/myblog.host/protected/views/site/index.php (19)
in /var/www/myblog.host/protected/controllers/SiteController.php (32)
in /var/www/myblog.host/index.php (13)
2014/07/22 16:37:14 [error] [php] Undefined variable: dataProvider (/var/www/myblog.host/protected/views/site/index.php:19)
Stack trace:
#0 /var/www/Yii/framework/web/CController.php(869): SiteController->renderFile()
#1 /var/www/Yii/framework/web/CController.php(782): SiteController->renderPartial()
#2 /var/www/myblog.host/protected/controllers/SiteController.php(32): SiteController->render()
#3 /var/www/Yii/framework/web/actions/CInlineAction.php(49): SiteController->actionIndex()
#4 /var/www/Yii/framework/web/CController.php(308): CInlineAction->runWithParams()
#5 /var/www/Yii/framework/web/CController.php(286): SiteController->runAction()
#6 /var/www/Yii/framework/web/CController.php(265): SiteController->runActionWithFilters()
#7 /var/www/Yii/framework/web/CWebApplication.php(282): SiteController->run()
#8 /var/www/Yii/framework/web/CWebApplication.php(141): CWebApplication->runController()
#9 /var/www/Yii/framework/base/CApplication.php(184): CWebApplication->processRequest()
#10 /var/www/myblog.host/index.php(13): CWebApplication->run()
REQUEST_URI=/index.php?r=site/index
in /var/www/myblog.host/protected/views/site/index.php (19)
in /var/www/myblog.host/protected/controllers/SiteController.php (32)
in /var/www/myblog.host/index.php (13)
2014/07/22 17:06:27 [error] [php] Undefined variable: dataProvider (/var/www/myblog.host/protected/views/site/index.php:19)
Stack trace:
#0 /var/www/Yii/framework/web/CController.php(869): SiteController->renderFile()
#1 /var/www/Yii/framework/web/CController.php(782): SiteController->renderPartial()
#2 /var/www/myblog.host/protected/controllers/SiteController.php(32): SiteController->render()
#3 /var/www/Yii/framework/web/actions/CInlineAction.php(49): SiteController->actionIndex()
#4 /var/www/Yii/framework/web/CController.php(308): CInlineAction->runWithParams()
#5 /var/www/Yii/framework/web/CController.php(286): SiteController->runAction()
#6 /var/www/Yii/framework/web/CController.php(265): SiteController->runActionWithFilters()
#7 /var/www/Yii/framework/web/CWebApplication.php(282): SiteController->run()
#8 /var/www/Yii/framework/web/CWebApplication.php(141): CWebApplication->runController()
#9 /var/www/Yii/framework/base/CApplication.php(184): CWebApplication->processRequest()
#10 /var/www/myblog.host/index.php(13): CWebApplication->run()
REQUEST_URI=/
in /var/www/myblog.host/protected/views/site/index.php (19)
in /var/www/myblog.host/protected/controllers/SiteController.php (32)
in /var/www/myblog.host/index.php (13)
2014/07/22 17:06:58 [error] [php] Undefined variable: dataProvider (/var/www/myblog.host/protected/views/site/index.php:19)
Stack trace:
#0 /var/www/Yii/framework/web/CController.php(869): SiteController->renderFile()
#1 /var/www/Yii/framework/web/CController.php(782): SiteController->renderPartial()
#2 /var/www/myblog.host/protected/controllers/SiteController.php(32): SiteController->render()
#3 /var/www/Yii/framework/web/actions/CInlineAction.php(49): SiteController->actionIndex()
#4 /var/www/Yii/framework/web/CController.php(308): CInlineAction->runWithParams()
#5 /var/www/Yii/framework/web/CController.php(286): SiteController->runAction()
#6 /var/www/Yii/framework/web/CController.php(265): SiteController->runActionWithFilters()
#7 /var/www/Yii/framework/web/CWebApplication.php(282): SiteController->run()
#8 /var/www/Yii/framework/web/CWebApplication.php(141): CWebApplication->runController()
#9 /var/www/Yii/framework/base/CApplication.php(184): CWebApplication->processRequest()
#10 /var/www/myblog.host/index.php(13): CWebApplication->run()
REQUEST_URI=/
in /var/www/myblog.host/protected/views/site/index.php (19)
in /var/www/myblog.host/protected/controllers/SiteController.php (32)
in /var/www/myblog.host/index.php (13)
